This is pdfTeX, Version 3.141592653-2.6-1.40.24 (TeX Live 2022) (preloaded format=pdflatex 2022.5.19)  4 JUL 2022 13:48
entering extended mode
 restricted \write18 enabled.
 file:line:error style messages enabled.
 %&-line parsing enabled.
**"g:/My Drive/College/PhD/Projects/2022-25 - Projects - Debasis Sir/Nishkal PhD/Reports/2022 - Registration Seminar/19CS91R05 - Nishkal - Registration Seminar - Presentation.tex"
(g:/My Drive/College/PhD/Projects/2022-25 - Projects - Debasis Sir/Nishkal PhD/Reports/2022 - Registration Seminar/19CS91R05 - Nishkal - Registration Seminar - Presentation.tex
LaTeX2e <2021-11-15> patch level 1
L3 programming layer <2022-05-04> (./ppt_sections/Tutan_beamer.cls

LaTeX Warning: You have requested document class `ppt_sections/Tutan_beamer',
               but the document class provides `Tutan_beamer'.

Document Class: Tutan_beamer New Beamer Template
(c:/Portable Softwares/texlive/2022/texmf-dist/tex/latex/beamer/beamer.cls
Document Class: beamer 2022/05/17 v3.67 A class for typesetting presentations
(c:/Portable Softwares/texlive/2022/texmf-dist/tex/latex/beamer/beamerbasemodes.sty (c:/Portable Softwares/texlive/2022/texmf-dist/tex/latex/etoolbox/etoolbox.sty
Package: etoolbox 2020/10/05 v2.5k e-TeX tools for LaTeX (JAW)
\etb@tempcnta=\count185
)
\beamer@tempbox=\box50
\beamer@tempcount=\count186
\c@beamerpauses=\count187
 (c:/Portable Softwares/texlive/2022/texmf-dist/tex/latex/beamer/beamerbasedecode.sty
\beamer@slideinframe=\count188
\beamer@minimum=\count189
\beamer@decode@box=\box51
)
\beamer@commentbox=\box52
\beamer@modecount=\count190
) (c:/Portable Softwares/texlive/2022/texmf-dist/tex/generic/iftex/iftex.sty
Package: iftex 2022/02/03 v1.0f TeX engine tests
)
\headdp=\dimen138
\footheight=\dimen139
\sidebarheight=\dimen140
\beamer@tempdim=\dimen141
\beamer@finalheight=\dimen142
\beamer@animht=\dimen143
\beamer@animdp=\dimen144
\beamer@animwd=\dimen145
\beamer@leftmargin=\dimen146
\beamer@rightmargin=\dimen147
\beamer@leftsidebar=\dimen148
\beamer@rightsidebar=\dimen149
\beamer@boxsize=\dimen150
\beamer@vboxoffset=\dimen151
\beamer@descdefault=\dimen152
\beamer@descriptionwidth=\dimen153
\beamer@lastskip=\skip47
\beamer@areabox=\box53
\beamer@animcurrent=\box54
\beamer@animshowbox=\box55
\beamer@sectionbox=\box56
\beamer@logobox=\box57
\beamer@linebox=\box58
\beamer@sectioncount=\count191
\beamer@subsubsectionmax=\count192
\beamer@subsectionmax=\count193
\beamer@sectionmax=\count194
\beamer@totalheads=\count195
\beamer@headcounter=\count196
\beamer@partstartpage=\count197
\beamer@sectionstartpage=\count198
\beamer@subsectionstartpage=\count199
\beamer@animationtempa=\count266
\beamer@animationtempb=\count267
\beamer@xpos=\count268
\beamer@ypos=\count269
\beamer@ypos@offset=\count270
\beamer@showpartnumber=\count271
\beamer@currentsubsection=\count272
\beamer@coveringdepth=\count273
\beamer@sectionadjust=\count274
\beamer@toclastsection=\count275
\beamer@tocsectionnumber=\count276
 (c:/Portable Softwares/texlive/2022/texmf-dist/tex/latex/beamer/beamerbaseoptions.sty (c:/Portable Softwares/texlive/2022/texmf-dist/tex/latex/graphics/keyval.sty
Package: keyval 2014/10/28 v1.15 key=value parser (DPC)
\KV@toks@=\toks16
))
\beamer@paperwidth=\skip48
\beamer@paperheight=\skip49
 (c:/Portable Softwares/texlive/2022/texmf-dist/tex/latex/geometry/geometry.sty
Package: geometry 2020/01/02 v5.9 Page Geometry
 (c:/Portable Softwares/texlive/2022/texmf-dist/tex/generic/iftex/ifvtex.sty
Package: ifvtex 2019/10/25 v1.7 ifvtex legacy package. Use iftex instead.
)
\Gm@cnth=\count277
\Gm@cntv=\count278
\c@Gm@tempcnt=\count279
\Gm@bindingoffset=\dimen154
\Gm@wd@mp=\dimen155
\Gm@odd@mp=\dimen156
\Gm@even@mp=\dimen157
\Gm@layoutwidth=\dimen158
\Gm@layoutheight=\dimen159
\Gm@layouthoffset=\dimen160
\Gm@layoutvoffset=\dimen161
\Gm@dimlist=\toks17
) (c:/Portable Softwares/texlive/2022/texmf-dist/tex/latex/pgf/math/pgfmath.sty (c:/Portable Softwares/texlive/2022/texmf-dist/tex/latex/pgf/utilities/pgfrcs.sty (c:/Portable Softwares/texlive/2022/texmf-dist/tex/generic/pgf/utilities/pgfutil-common.tex
\pgfutil@everybye=\toks18
\pgfutil@tempdima=\dimen162
\pgfutil@tempdimb=\dimen163
 (c:/Portable Softwares/texlive/2022/texmf-dist/tex/generic/pgf/utilities/pgfutil-common-lists.tex)) (c:/Portable Softwares/texlive/2022/texmf-dist/tex/generic/pgf/utilities/pgfutil-latex.def
\pgfutil@abb=\box59
) (c:/Portable Softwares/texlive/2022/texmf-dist/tex/generic/pgf/utilities/pgfrcs.code.tex (c:/Portable Softwares/texlive/2022/texmf-dist/tex/generic/pgf/pgf.revision.tex)
Package: pgfrcs 2021/05/15 v3.1.9a (3.1.9a)
)) (c:/Portable Softwares/texlive/2022/texmf-dist/tex/latex/pgf/utilities/pgfkeys.sty (c:/Portable Softwares/texlive/2022/texmf-dist/tex/generic/pgf/utilities/pgfkeys.code.tex
\pgfkeys@pathtoks=\toks19
\pgfkeys@temptoks=\toks20
 (c:/Portable Softwares/texlive/2022/texmf-dist/tex/generic/pgf/utilities/pgfkeysfiltered.code.tex
\pgfkeys@tmptoks=\toks21
))) (c:/Portable Softwares/texlive/2022/texmf-dist/tex/generic/pgf/math/pgfmath.code.tex (c:/Portable Softwares/texlive/2022/texmf-dist/tex/generic/pgf/math/pgfmathcalc.code.tex (c:/Portable Softwares/texlive/2022/texmf-dist/tex/generic/pgf/math/pgfmathutil.code.tex
\pgf@x=\dimen164
\pgf@xa=\dimen165
\pgf@xb=\dimen166
\pgf@xc=\dimen167
\pgf@y=\dimen168
\pgf@ya=\dimen169
\pgf@yb=\dimen170
\pgf@yc=\dimen171
\c@pgf@counta=\count280
\c@pgf@countb=\count281
\c@pgf@countc=\count282
\c@pgf@countd=\count283
) (c:/Portable Softwares/texlive/2022/texmf-dist/tex/generic/pgf/math/pgfmathparser.code.tex
\pgfmath@dimen=\dimen172
\pgfmath@count=\count284
\pgfmath@box=\box60
\pgfmath@toks=\toks22
\pgfmath@stack@operand=\toks23
\pgfmath@stack@operation=\toks24
) (c:/Portable Softwares/texlive/2022/texmf-dist/tex/generic/pgf/math/pgfmathfunctions.code.tex (c:/Portable Softwares/texlive/2022/texmf-dist/tex/generic/pgf/math/pgfmathfunctions.basic.code.tex) (c:/Portable Softwares/texlive/2022/texmf-dist/tex/generic/pgf/math/pgfmathfunctions.trigonometric.code.tex) (c:/Portable Softwares/texlive/2022/texmf-dist/tex/generic/pgf/math/pgfmathfunctions.random.code.tex) (c:/Portable Softwares/texlive/2022/texmf-dist/tex/generic/pgf/math/pgfmathfunctions.comparison.code.tex) (c:/Portable Softwares/texlive/2022/texmf-dist/tex/generic/pgf/math/pgfmathfunctions.base.code.tex) (c:/Portable Softwares/texlive/2022/texmf-dist/tex/generic/pgf/math/pgfmathfunctions.round.code.tex) (c:/Portable Softwares/texlive/2022/texmf-dist/tex/generic/pgf/math/pgfmathfunctions.misc.code.tex) (c:/Portable Softwares/texlive/2022/texmf-dist/tex/generic/pgf/math/pgfmathfunctions.integerarithmetics.code.tex))) (c:/Portable Softwares/texlive/2022/texmf-dist/tex/generic/pgf/math/pgfmathfloat.code.tex
\c@pgfmathroundto@lastzeros=\count285
))) (c:/Portable Softwares/texlive/2022/texmf-dist/tex/latex/base/size10.clo
File: size10.clo 2021/10/04 v1.4n Standard LaTeX file (size option)
) (c:/Portable Softwares/texlive/2022/texmf-dist/tex/latex/pgf/basiclayer/pgfcore.sty (c:/Portable Softwares/texlive/2022/texmf-dist/tex/latex/graphics/graphicx.sty
Package: graphicx 2021/09/16 v1.2d Enhanced LaTeX Graphics (DPC,SPQR)
 (c:/Portable Softwares/texlive/2022/texmf-dist/tex/latex/graphics/graphics.sty
Package: graphics 2021/03/04 v1.4d Standard LaTeX Graphics (DPC,SPQR)
 (c:/Portable Softwares/texlive/2022/texmf-dist/tex/latex/graphics/trig.sty
Package: trig 2021/08/11 v1.11 sin cos tan (DPC)
) (c:/Portable Softwares/texlive/2022/texmf-dist/tex/latex/graphics-cfg/graphics.cfg
File: graphics.cfg 2016/06/04 v1.11 sample graphics configuration
)
Package graphics Info: Driver file: pdftex.def on input line 107.
 (c:/Portable Softwares/texlive/2022/texmf-dist/tex/latex/graphics-def/pdftex.def
File: pdftex.def 2020/10/05 v1.2a Graphics/color driver for pdftex
))
\Gin@req@height=\dimen173
\Gin@req@width=\dimen174
) (c:/Portable Softwares/texlive/2022/texmf-dist/tex/latex/pgf/systemlayer/pgfsys.sty (c:/Portable Softwares/texlive/2022/texmf-dist/tex/generic/pgf/systemlayer/pgfsys.code.tex
Package: pgfsys 2021/05/15 v3.1.9a (3.1.9a)
 (c:/Portable Softwares/texlive/2022/texmf-dist/tex/generic/pgf/utilities/pgfkeys.code.tex)
\pgf@x=\dimen175
\pgf@y=\dimen176
\pgf@xa=\dimen177
\pgf@ya=\dimen178
\pgf@xb=\dimen179
\pgf@yb=\dimen180
\pgf@xc=\dimen181
\pgf@yc=\dimen182
\pgf@xd=\dimen183
\pgf@yd=\dimen184
\w@pgf@writea=\write3
\r@pgf@reada=\read2
\c@pgf@counta=\count286
\c@pgf@countb=\count287
\c@pgf@countc=\count288
\c@pgf@countd=\count289
\t@pgf@toka=\toks25
\t@pgf@tokb=\toks26
\t@pgf@tokc=\toks27
\pgf@sys@id@count=\count290
 (c:/Portable Softwares/texlive/2022/texmf-dist/tex/generic/pgf/systemlayer/pgf.cfg
File: pgf.cfg 2021/05/15 v3.1.9a (3.1.9a)
)
Driver file for pgf: pgfsys-pdftex.def
 (c:/Portable Softwares/texlive/2022/texmf-dist/tex/generic/pgf/systemlayer/pgfsys-pdftex.def
File: pgfsys-pdftex.def 2021/05/15 v3.1.9a (3.1.9a)
 (c:/Portable Softwares/texlive/2022/texmf-dist/tex/generic/pgf/systemlayer/pgfsys-common-pdf.def
File: pgfsys-common-pdf.def 2021/05/15 v3.1.9a (3.1.9a)
))) (c:/Portable Softwares/texlive/2022/texmf-dist/tex/generic/pgf/systemlayer/pgfsyssoftpath.code.tex
File: pgfsyssoftpath.code.tex 2021/05/15 v3.1.9a (3.1.9a)
\pgfsyssoftpath@smallbuffer@items=\count291
\pgfsyssoftpath@bigbuffer@items=\count292
) (c:/Portable Softwares/texlive/2022/texmf-dist/tex/generic/pgf/systemlayer/pgfsysprotocol.code.tex
File: pgfsysprotocol.code.tex 2021/05/15 v3.1.9a (3.1.9a)
)) (c:/Portable Softwares/texlive/2022/texmf-dist/tex/latex/xcolor/xcolor.sty
Package: xcolor 2021/10/31 v2.13 LaTeX color extensions (UK)
 (c:/Portable Softwares/texlive/2022/texmf-dist/tex/latex/graphics-cfg/color.cfg
File: color.cfg 2016/01/02 v1.6 sample color configuration
)
Package xcolor Info: Driver file: pdftex.def on input line 227.
Package xcolor Info: Model `cmy' substituted by `cmy0' on input line 1352.
Package xcolor Info: Model `hsb' substituted by `rgb' on input line 1356.
Package xcolor Info: Model `RGB' extended on input line 1368.
Package xcolor Info: Model `HTML' substituted by `rgb' on input line 1370.
Package xcolor Info: Model `Hsb' substituted by `hsb' on input line 1371.
Package xcolor Info: Model `tHsb' substituted by `hsb' on input line 1372.
Package xcolor Info: Model `HSB' substituted by `hsb' on input line 1373.
Package xcolor Info: Model `Gray' substituted by `gray' on input line 1374.
Package xcolor Info: Model `wave' substituted by `hsb' on input line 1375.
 (c:/Portable Softwares/texlive/2022/texmf-dist/tex/latex/graphics/dvipsnam.def
File: dvipsnam.def 2016/06/17 v3.0m Driver-dependent file (DPC,SPQR)
)) (c:/Portable Softwares/texlive/2022/texmf-dist/tex/generic/pgf/basiclayer/pgfcore.code.tex
Package: pgfcore 2021/05/15 v3.1.9a (3.1.9a)
 (c:/Portable Softwares/texlive/2022/texmf-dist/tex/generic/pgf/math/pgfmath.code.tex) (c:/Portable Softwares/texlive/2022/texmf-dist/tex/generic/pgf/math/pgfint.code.tex) (c:/Portable Softwares/texlive/2022/texmf-dist/tex/generic/pgf/basiclayer/pgfcorepoints.code.tex
File: pgfcorepoints.code.tex 2021/05/15 v3.1.9a (3.1.9a)
\pgf@picminx=\dimen185
\pgf@picmaxx=\dimen186
\pgf@picminy=\dimen187
\pgf@picmaxy=\dimen188
\pgf@pathminx=\dimen189
\pgf@pathmaxx=\dimen190
\pgf@pathminy=\dimen191
\pgf@pathmaxy=\dimen192
\pgf@xx=\dimen193
\pgf@xy=\dimen194
\pgf@yx=\dimen195
\pgf@yy=\dimen196
\pgf@zx=\dimen197
\pgf@zy=\dimen198
) (c:/Portable Softwares/texlive/2022/texmf-dist/tex/generic/pgf/basiclayer/pgfcorepathconstruct.code.tex
File: pgfcorepathconstruct.code.tex 2021/05/15 v3.1.9a (3.1.9a)
\pgf@path@lastx=\dimen199
\pgf@path@lasty=\dimen256
) (c:/Portable Softwares/texlive/2022/texmf-dist/tex/generic/pgf/basiclayer/pgfcorepathusage.code.tex
File: pgfcorepathusage.code.tex 2021/05/15 v3.1.9a (3.1.9a)
\pgf@shorten@end@additional=\dimen257
\pgf@shorten@start@additional=\dimen258
) (c:/Portable Softwares/texlive/2022/texmf-dist/tex/generic/pgf/basiclayer/pgfcorescopes.code.tex
File: pgfcorescopes.code.tex 2021/05/15 v3.1.9a (3.1.9a)
\pgfpic=\box61
\pgf@hbox=\box62
\pgf@layerbox@main=\box63
\pgf@picture@serial@count=\count293
) (c:/Portable Softwares/texlive/2022/texmf-dist/tex/generic/pgf/basiclayer/pgfcoregraphicstate.code.tex
File: pgfcoregraphicstate.code.tex 2021/05/15 v3.1.9a (3.1.9a)
\pgflinewidth=\dimen259
) (c:/Portable Softwares/texlive/2022/texmf-dist/tex/generic/pgf/basiclayer/pgfcoretransformations.code.tex
File: pgfcoretransformations.code.tex 2021/05/15 v3.1.9a (3.1.9a)
\pgf@pt@x=\dimen260
\pgf@pt@y=\dimen261
\pgf@pt@temp=\dimen262
) (c:/Portable Softwares/texlive/2022/texmf-dist/tex/generic/pgf/basiclayer/pgfcorequick.code.tex
File: pgfcorequick.code.tex 2021/05/15 v3.1.9a (3.1.9a)
) (c:/Portable Softwares/texlive/2022/texmf-dist/tex/generic/pgf/basiclayer/pgfcoreobjects.code.tex
File: pgfcoreobjects.code.tex 2021/05/15 v3.1.9a (3.1.9a)
) (c:/Portable Softwares/texlive/2022/texmf-dist/tex/generic/pgf/basiclayer/pgfcorepathprocessing.code.tex
File: pgfcorepathprocessing.code.tex 2021/05/15 v3.1.9a (3.1.9a)
) (c:/Portable Softwares/texlive/2022/texmf-dist/tex/generic/pgf/basiclayer/pgfcorearrows.code.tex
File: pgfcorearrows.code.tex 2021/05/15 v3.1.9a (3.1.9a)
\pgfarrowsep=\dimen263
) (c:/Portable Softwares/texlive/2022/texmf-dist/tex/generic/pgf/basiclayer/pgfcoreshade.code.tex
File: pgfcoreshade.code.tex 2021/05/15 v3.1.9a (3.1.9a)
\pgf@max=\dimen264
\pgf@sys@shading@range@num=\count294
\pgf@shadingcount=\count295
) (c:/Portable Softwares/texlive/2022/texmf-dist/tex/generic/pgf/basiclayer/pgfcoreimage.code.tex
File: pgfcoreimage.code.tex 2021/05/15 v3.1.9a (3.1.9a)
 (c:/Portable Softwares/texlive/2022/texmf-dist/tex/generic/pgf/basiclayer/pgfcoreexternal.code.tex
File: pgfcoreexternal.code.tex 2021/05/15 v3.1.9a (3.1.9a)
\pgfexternal@startupbox=\box64
)) (c:/Portable Softwares/texlive/2022/texmf-dist/tex/generic/pgf/basiclayer/pgfcorelayers.code.tex
File: pgfcorelayers.code.tex 2021/05/15 v3.1.9a (3.1.9a)
) (c:/Portable Softwares/texlive/2022/texmf-dist/tex/generic/pgf/basiclayer/pgfcoretransparency.code.tex
File: pgfcoretransparency.code.tex 2021/05/15 v3.1.9a (3.1.9a)
) (c:/Portable Softwares/texlive/2022/texmf-dist/tex/generic/pgf/basiclayer/pgfcorepatterns.code.tex
File: pgfcorepatterns.code.tex 2021/05/15 v3.1.9a (3.1.9a)
) (c:/Portable Softwares/texlive/2022/texmf-dist/tex/generic/pgf/basiclayer/pgfcorerdf.code.tex
File: pgfcorerdf.code.tex 2021/05/15 v3.1.9a (3.1.9a)
))) (c:/Portable Softwares/texlive/2022/texmf-dist/tex/latex/pgf/utilities/xxcolor.sty
Package: xxcolor 2003/10/24 ver 0.1
\XC@nummixins=\count296
\XC@countmixins=\count297
) (c:/Portable Softwares/texlive/2022/texmf-dist/tex/latex/base/atbegshi-ltx.sty
Package: atbegshi-ltx 2021/01/10 v1.0c Emulation of the original atbegshi
package with kernel methods
) (c:/Portable Softwares/texlive/2022/texmf-dist/tex/latex/hyperref/hyperref.sty
Package: hyperref 2022-05-17 v7.00q Hypertext links for LaTeX
 (c:/Portable Softwares/texlive/2022/texmf-dist/tex/generic/ltxcmds/ltxcmds.sty
Package: ltxcmds 2020-05-10 v1.25 LaTeX kernel commands for general use (HO)
) (c:/Portable Softwares/texlive/2022/texmf-dist/tex/generic/pdftexcmds/pdftexcmds.sty
Package: pdftexcmds 2020-06-27 v0.33 Utility functions of pdfTeX for LuaTeX (HO)
 (c:/Portable Softwares/texlive/2022/texmf-dist/tex/generic/infwarerr/infwarerr.sty
Package: infwarerr 2019/12/03 v1.5 Providing info/warning/error messages (HO)
)
Package pdftexcmds Info: \pdf@primitive is available.
Package pdftexcmds Info: \pdf@ifprimitive is available.
Package pdftexcmds Info: \pdfdraftmode found.
) (c:/Portable Softwares/texlive/2022/texmf-dist/tex/generic/kvsetkeys/kvsetkeys.sty
Package: kvsetkeys 2019/12/15 v1.18 Key value parser (HO)
) (c:/Portable Softwares/texlive/2022/texmf-dist/tex/generic/kvdefinekeys/kvdefinekeys.sty
Package: kvdefinekeys 2019-12-19 v1.6 Define keys (HO)
) (c:/Portable Softwares/texlive/2022/texmf-dist/tex/generic/pdfescape/pdfescape.sty
Package: pdfescape 2019/12/09 v1.15 Implements pdfTeX's escape features (HO)
) (c:/Portable Softwares/texlive/2022/texmf-dist/tex/latex/hycolor/hycolor.sty
Package: hycolor 2020-01-27 v1.10 Color options for hyperref/bookmark (HO)
) (c:/Portable Softwares/texlive/2022/texmf-dist/tex/latex/letltxmacro/letltxmacro.sty
Package: letltxmacro 2019/12/03 v1.6 Let assignment for LaTeX macros (HO)
) (c:/Portable Softwares/texlive/2022/texmf-dist/tex/latex/auxhook/auxhook.sty
Package: auxhook 2019-12-17 v1.6 Hooks for auxiliary files (HO)
) (c:/Portable Softwares/texlive/2022/texmf-dist/tex/latex/hyperref/nameref.sty
Package: nameref 2022-05-17 v2.50 Cross-referencing by name of section
 (c:/Portable Softwares/texlive/2022/texmf-dist/tex/latex/refcount/refcount.sty
Package: refcount 2019/12/15 v3.6 Data extraction from label references (HO)
) (c:/Portable Softwares/texlive/2022/texmf-dist/tex/generic/gettitlestring/gettitlestring.sty
Package: gettitlestring 2019/12/15 v1.6 Cleanup title references (HO)
 (c:/Portable Softwares/texlive/2022/texmf-dist/tex/latex/kvoptions/kvoptions.sty
Package: kvoptions 2020-10-07 v3.14 Key value format for package options (HO)
))
\c@section@level=\count298
)
\@linkdim=\dimen265
\Hy@linkcounter=\count299
\Hy@pagecounter=\count300
 (c:/Portable Softwares/texlive/2022/texmf-dist/tex/latex/hyperref/pd1enc.def
File: pd1enc.def 2022-05-17 v7.00q Hyperref: PDFDocEncoding definition (HO)
Now handling font encoding PD1 ...
... no UTF-8 mapping file for font encoding PD1
) (c:/Portable Softwares/texlive/2022/texmf-dist/tex/generic/intcalc/intcalc.sty
Package: intcalc 2019/12/15 v1.3 Expandable calculations with integers (HO)
) (c:/Portable Softwares/texlive/2022/texmf-dist/tex/generic/etexcmds/etexcmds.sty
Package: etexcmds 2019/12/15 v1.7 Avoid name clashes with e-TeX commands (HO)
)
\Hy@SavedSpaceFactor=\count301
 (c:/Portable Softwares/texlive/2022/texmf-dist/tex/latex/hyperref/puenc.def
File: puenc.def 2022-05-17 v7.00q Hyperref: PDF Unicode definition (HO)
Now handling font encoding PU ...
... no UTF-8 mapping file for font encoding PU
)
Package hyperref Info: Option `bookmarks' set `true' on input line 4020.
Package hyperref Info: Option `bookmarksopen' set `true' on input line 4020.
Package hyperref Info: Option `implicit' set `false' on input line 4020.
Package hyperref Info: Hyper figures OFF on input line 4139.
Package hyperref Info: Link nesting OFF on input line 4144.
Package hyperref Info: Hyper index ON on input line 4147.
Package hyperref Info: Plain pages OFF on input line 4154.
Package hyperref Info: Backreferencing OFF on input line 4159.
Package hyperref Info: Implicit mode OFF; no redefinition of LaTeX internals.
Package hyperref Info: Bookmarks ON on input line 4385.
\c@Hy@tempcnt=\count302
 (c:/Portable Softwares/texlive/2022/texmf-dist/tex/latex/url/url.sty
\Urlmuskip=\muskip16
Package: url 2013/09/16  ver 3.4  Verb mode for urls, etc.
)
LaTeX Info: Redefining \url on input line 4723.
\XeTeXLinkMargin=\dimen266
 (c:/Portable Softwares/texlive/2022/texmf-dist/tex/generic/bitset/bitset.sty
Package: bitset 2019/12/09 v1.3 Handle bit-vector datatype (HO)
 (c:/Portable Softwares/texlive/2022/texmf-dist/tex/generic/bigintcalc/bigintcalc.sty
Package: bigintcalc 2019/12/15 v1.5 Expandable calculations on big integers (HO)
))
\Fld@menulength=\count303
\Field@Width=\dimen267
\Fld@charsize=\dimen268
Package hyperref Info: Hyper figures OFF on input line 6001.
Package hyperref Info: Link nesting OFF on input line 6006.
Package hyperref Info: Hyper index ON on input line 6009.
Package hyperref Info: backreferencing OFF on input line 6016.
Package hyperref Info: Link coloring OFF on input line 6021.
Package hyperref Info: Link coloring with OCG OFF on input line 6026.
Package hyperref Info: PDF/A mode OFF on input line 6031.
LaTeX Info: Redefining \ref on input line 6078.
LaTeX Info: Redefining \pageref on input line 6078.
\Hy@abspage=\count304


Package hyperref Message: Stopped early.

)
Package hyperref Info: Driver (autodetected): hpdftex.
 (c:/Portable Softwares/texlive/2022/texmf-dist/tex/latex/hyperref/hpdftex.def
File: hpdftex.def 2022-05-17 v7.00q Hyperref driver for pdfTeX
 (c:/Portable Softwares/texlive/2022/texmf-dist/tex/latex/base/atveryend-ltx.sty
Package: atveryend-ltx 2020/08/19 v1.0a Emulation of the original atveryend package
with kernel methods
)
\Fld@listcount=\count305
\c@bookmark@seq@number=\count306
 (c:/Portable Softwares/texlive/2022/texmf-dist/tex/latex/rerunfilecheck/rerunfilecheck.sty
Package: rerunfilecheck 2019/12/05 v1.9 Rerun checks for auxiliary files (HO)
 (c:/Portable Softwares/texlive/2022/texmf-dist/tex/generic/uniquecounter/uniquecounter.sty
Package: uniquecounter 2019/12/15 v1.4 Provide unlimited unique counter (HO)
)
Package uniquecounter Info: New unique counter `rerunfilecheck' on input line 286.
)) (c:/Portable Softwares/texlive/2022/texmf-dist/tex/latex/beamer/beamerbaserequires.sty (c:/Portable Softwares/texlive/2022/texmf-dist/tex/latex/beamer/beamerbasecompatibility.sty) (c:/Portable Softwares/texlive/2022/texmf-dist/tex/latex/beamer/beamerbasefont.sty (c:/Portable Softwares/texlive/2022/texmf-dist/tex/latex/amsfonts/amssymb.sty
Package: amssymb 2013/01/14 v3.01 AMS font symbols
 (c:/Portable Softwares/texlive/2022/texmf-dist/tex/latex/amsfonts/amsfonts.sty
Package: amsfonts 2013/01/14 v3.01 Basic AMSFonts support
\@emptytoks=\toks28
\symAMSa=\mathgroup4
\symAMSb=\mathgroup5
LaTeX Font Info:    Redeclaring math symbol \hbar on input line 98.
LaTeX Font Info:    Overwriting math alphabet `\mathfrak' in version `bold'
(Font)                  U/euf/m/n --> U/euf/b/n on input line 106.
)) (c:/Portable Softwares/texlive/2022/texmf-dist/tex/latex/sansmathaccent/sansmathaccent.sty
Package: sansmathaccent 2020/01/31
 (c:/Portable Softwares/texlive/2022/texmf-dist/tex/latex/koma-script/scrlfile.sty
Package: scrlfile 2022/05/01 v3.36 KOMA-Script package (file load hooks)
 (c:/Portable Softwares/texlive/2022/texmf-dist/tex/latex/koma-script/scrlfile-hook.sty
Package: scrlfile-hook 2022/05/01 v3.36 KOMA-Script package (using LaTeX hooks)
 (c:/Portable Softwares/texlive/2022/texmf-dist/tex/latex/koma-script/scrlogo.sty
Package: scrlogo 2022/05/01 v3.36 KOMA-Script package (logo)
))))) (c:/Portable Softwares/texlive/2022/texmf-dist/tex/latex/beamer/beamerbasetranslator.sty (c:/Portable Softwares/texlive/2022/texmf-dist/tex/latex/translator/translator.sty
Package: translator 2021-05-31 v1.12d Easy translation of strings in LaTeX
)) (c:/Portable Softwares/texlive/2022/texmf-dist/tex/latex/beamer/beamerbasemisc.sty) (c:/Portable Softwares/texlive/2022/texmf-dist/tex/latex/beamer/beamerbasetwoscreens.sty) (c:/Portable Softwares/texlive/2022/texmf-dist/tex/latex/beamer/beamerbaseoverlay.sty
\beamer@argscount=\count307
\beamer@lastskipcover=\skip50
\beamer@trivlistdepth=\count308
) (c:/Portable Softwares/texlive/2022/texmf-dist/tex/latex/beamer/beamerbasetitle.sty) (c:/Portable Softwares/texlive/2022/texmf-dist/tex/latex/beamer/beamerbasesection.sty
\c@lecture=\count309
\c@part=\count310
\c@section=\count311
\c@subsection=\count312
\c@subsubsection=\count313
) (c:/Portable Softwares/texlive/2022/texmf-dist/tex/latex/beamer/beamerbaseframe.sty
\beamer@framebox=\box65
\beamer@frametitlebox=\box66
\beamer@zoombox=\box67
\beamer@zoomcount=\count314
\beamer@zoomframecount=\count315
\beamer@frametextheight=\dimen269
\c@subsectionslide=\count316
\beamer@frametopskip=\skip51
\beamer@framebottomskip=\skip52
\beamer@frametopskipautobreak=\skip53
\beamer@framebottomskipautobreak=\skip54
\beamer@envbody=\toks29
\framewidth=\dimen270
\c@framenumber=\count317
) (c:/Portable Softwares/texlive/2022/texmf-dist/tex/latex/beamer/beamerbaseverbatim.sty
\beamer@verbatimfileout=\write4
) (c:/Portable Softwares/texlive/2022/texmf-dist/tex/latex/beamer/beamerbaseframesize.sty
\beamer@splitbox=\box68
\beamer@autobreakcount=\count318
\beamer@autobreaklastheight=\dimen271
\beamer@frametitletoks=\toks30
\beamer@framesubtitletoks=\toks31
) (c:/Portable Softwares/texlive/2022/texmf-dist/tex/latex/beamer/beamerbaseframecomponents.sty
\beamer@footins=\box69
) (c:/Portable Softwares/texlive/2022/texmf-dist/tex/latex/beamer/beamerbasecolor.sty) (c:/Portable Softwares/texlive/2022/texmf-dist/tex/latex/beamer/beamerbasenotes.sty
\beamer@frameboxcopy=\box70
) (c:/Portable Softwares/texlive/2022/texmf-dist/tex/latex/beamer/beamerbasetoc.sty) (c:/Portable Softwares/texlive/2022/texmf-dist/tex/latex/beamer/beamerbasetemplates.sty
\beamer@sbttoks=\toks32
 (c:/Portable Softwares/texlive/2022/texmf-dist/tex/latex/beamer/beamerbaseauxtemplates.sty (c:/Portable Softwares/texlive/2022/texmf-dist/tex/latex/beamer/beamerbaseboxes.sty
\bmb@box=\box71
\bmb@colorbox=\box72
\bmb@boxwidth=\dimen272
\bmb@boxheight=\dimen273
\bmb@prevheight=\dimen274
\bmb@temp=\dimen275
\bmb@dima=\dimen276
\bmb@dimb=\dimen277
\bmb@prevheight=\dimen278
)
\beamer@blockheadheight=\dimen279
)) (c:/Portable Softwares/texlive/2022/texmf-dist/tex/latex/beamer/beamerbaselocalstructure.sty (c:/Portable Softwares/texlive/2022/texmf-dist/tex/latex/tools/enumerate.sty
Package: enumerate 2015/07/23 v3.00 enumerate extensions (DPC)
\@enLab=\toks33
)
\beamer@bibiconwidth=\skip55
\c@figure=\count319
\c@table=\count320
\abovecaptionskip=\skip56
\belowcaptionskip=\skip57
) (c:/Portable Softwares/texlive/2022/texmf-dist/tex/latex/beamer/beamerbasenavigation.sty
\beamer@section@min@dim=\dimen280
) (c:/Portable Softwares/texlive/2022/texmf-dist/tex/latex/beamer/beamerbasetheorems.sty (c:/Portable Softwares/texlive/2022/texmf-dist/tex/latex/amsmath/amsmath.sty
Package: amsmath 2021/10/15 v2.17l AMS math features
\@mathmargin=\skip58

For additional information on amsmath, use the `?' option.
(c:/Portable Softwares/texlive/2022/texmf-dist/tex/latex/amsmath/amstext.sty
Package: amstext 2021/08/26 v2.01 AMS text
 (c:/Portable Softwares/texlive/2022/texmf-dist/tex/latex/amsmath/amsgen.sty
File: amsgen.sty 1999/11/30 v2.0 generic functions
\@emptytoks=\toks34
\ex@=\dimen281
)) (c:/Portable Softwares/texlive/2022/texmf-dist/tex/latex/amsmath/amsbsy.sty
Package: amsbsy 1999/11/29 v1.2d Bold Symbols
\pmbraise@=\dimen282
) (c:/Portable Softwares/texlive/2022/texmf-dist/tex/latex/amsmath/amsopn.sty
Package: amsopn 2021/08/26 v2.02 operator names
)
\inf@bad=\count321
LaTeX Info: Redefining \frac on input line 234.
\uproot@=\count322
\leftroot@=\count323
LaTeX Info: Redefining \overline on input line 399.
\classnum@=\count324
\DOTSCASE@=\count325
LaTeX Info: Redefining \ldots on input line 496.
LaTeX Info: Redefining \dots on input line 499.
LaTeX Info: Redefining \cdots on input line 620.
\Mathstrutbox@=\box73
\strutbox@=\box74
\big@size=\dimen283
LaTeX Font Info:    Redeclaring font encoding OML on input line 743.
LaTeX Font Info:    Redeclaring font encoding OMS on input line 744.
\macc@depth=\count326
\c@MaxMatrixCols=\count327
\dotsspace@=\muskip17
\c@parentequation=\count328
\dspbrk@lvl=\count329
\tag@help=\toks35
\row@=\count330
\column@=\count331
\maxfields@=\count332
\andhelp@=\toks36
\eqnshift@=\dimen284
\alignsep@=\dimen285
\tagshift@=\dimen286
\tagwidth@=\dimen287
\totwidth@=\dimen288
\lineht@=\dimen289
\@envbody=\toks37
\multlinegap=\skip59
\multlinetaggap=\skip60
\mathdisplay@stack=\toks38
LaTeX Info: Redefining \[ on input line 2938.
LaTeX Info: Redefining \] on input line 2939.
) (c:/Portable Softwares/texlive/2022/texmf-dist/tex/latex/amscls/amsthm.sty
Package: amsthm 2020/05/29 v2.20.6
\thm@style=\toks39
\thm@bodyfont=\toks40
\thm@headfont=\toks41
\thm@notefont=\toks42
\thm@headpunct=\toks43
\thm@preskip=\skip61
\thm@postskip=\skip62
\thm@headsep=\skip63
\dth@everypar=\toks44
)
\c@theorem=\count333
) (c:/Portable Softwares/texlive/2022/texmf-dist/tex/latex/beamer/beamerbasethemes.sty)) (c:/Portable Softwares/texlive/2022/texmf-dist/tex/latex/beamer/beamerthemedefault.sty (c:/Portable Softwares/texlive/2022/texmf-dist/tex/latex/beamer/beamerfontthemedefault.sty) (c:/Portable Softwares/texlive/2022/texmf-dist/tex/latex/beamer/beamercolorthemedefault.sty) (c:/Portable Softwares/texlive/2022/texmf-dist/tex/latex/beamer/beamerinnerthemedefault.sty
\beamer@dima=\dimen290
\beamer@dimb=\dimen291
) (c:/Portable Softwares/texlive/2022/texmf-dist/tex/latex/beamer/beamerouterthemedefault.sty))) (c:/Portable Softwares/texlive/2022/texmf-dist/tex/latex/base/inputenc.sty
Package: inputenc 2021/02/14 v1.3d Input encoding file
\inpenc@prehook=\toks45
\inpenc@posthook=\toks46
) (c:/Portable Softwares/texlive/2022/texmf-dist/tex/latex/microtype/microtype.sty
Package: microtype 2022/03/14 v3.0d Micro-typographical refinements (RS)
\MT@toks=\toks47
\MT@tempbox=\box75
\MT@count=\count334
LaTeX Info: Redefining \noprotrusionifhmode on input line 1027.
LaTeX Info: Redefining \leftprotrusion on input line 1028.
LaTeX Info: Redefining \rightprotrusion on input line 1036.
LaTeX Info: Redefining \textls on input line 1195.
\MT@outer@kern=\dimen292
LaTeX Info: Redefining \textmicrotypecontext on input line 1781.
\MT@listname@count=\count335
 (c:/Portable Softwares/texlive/2022/texmf-dist/tex/latex/microtype/microtype-pdftex.def
File: microtype-pdftex.def 2022/03/14 v3.0d Definitions specific to pdftex (RS)
LaTeX Info: Redefining \lsstyle on input line 900.
LaTeX Info: Redefining \lslig on input line 900.
\MT@outer@space=\skip64
)
Package microtype Info: Loading configuration file microtype.cfg.
 (c:/Portable Softwares/texlive/2022/texmf-dist/tex/latex/microtype/microtype.cfg
File: microtype.cfg 2022/03/14 v3.0d microtype main configuration file (RS)
)) (c:/Portable Softwares/texlive/2022/texmf-dist/tex/latex/base/fontenc.sty
Package: fontenc 2021/04/29 v2.0v Standard LaTeX package
) (c:/Portable Softwares/texlive/2022/texmf-dist/tex/latex/psnfss/helvet.sty
Package: helvet 2020/03/25 PSNFSS-v9.3 (WaS) 
) (c:/Portable Softwares/texlive/2022/texmf-dist/tex/latex/pdfpages/pdfpages.sty
Package: pdfpages 2022/01/29 v0.5u Insert pages of external PDF documents (AM)
 (c:/Portable Softwares/texlive/2022/texmf-dist/tex/latex/base/ifthen.sty
Package: ifthen 2020/11/24 v1.1c Standard LaTeX ifthen package (DPC)
) (c:/Portable Softwares/texlive/2022/texmf-dist/tex/latex/tools/calc.sty
Package: calc 2017/05/25 v4.3 Infix arithmetic (KKT,FJ)
\calc@Acount=\count336
\calc@Bcount=\count337
\calc@Adimen=\dimen293
\calc@Bdimen=\dimen294
\calc@Askip=\skip65
\calc@Bskip=\skip66
LaTeX Info: Redefining \setlength on input line 80.
LaTeX Info: Redefining \addtolength on input line 81.
\calc@Ccount=\count338
\calc@Cskip=\skip67
) (c:/Portable Softwares/texlive/2022/texmf-dist/tex/latex/eso-pic/eso-pic.sty
Package: eso-pic 2020/10/14 v3.0a eso-pic (RN)
\ESO@tempdima=\dimen295
\ESO@tempdimb=\dimen296
)
\AM@pagewidth=\dimen297
\AM@pageheight=\dimen298
\AM@fboxrule=\dimen299
 (c:/Portable Softwares/texlive/2022/texmf-dist/tex/latex/pdfpages/pppdftex.def
File: pppdftex.def 2022/01/29 v0.5u Pdfpages driver for pdfTeX (AM)
)
\pdfpages@includegraphics@status=\count339
\AM@pagebox=\box76
\AM@global@opts=\toks48
\AM@pagecnt=\count340
\AM@toc@title=\toks49
\c@AM@survey=\count341
\AM@templatesizebox=\box77
) (c:/Portable Softwares/texlive/2022/texmf-dist/tex/latex/tcolorbox/tcolorbox.sty
Package: tcolorbox 2022/01/07 version 5.0.2 text color boxes
 (c:/Portable Softwares/texlive/2022/texmf-dist/tex/latex/pgf/basiclayer/pgf.sty
Package: pgf 2021/05/15 v3.1.9a (3.1.9a)
 (c:/Portable Softwares/texlive/2022/texmf-dist/tex/generic/pgf/modules/pgfmoduleshapes.code.tex
File: pgfmoduleshapes.code.tex 2021/05/15 v3.1.9a (3.1.9a)
\pgfnodeparttextbox=\box78
) (c:/Portable Softwares/texlive/2022/texmf-dist/tex/generic/pgf/modules/pgfmoduleplot.code.tex
File: pgfmoduleplot.code.tex 2021/05/15 v3.1.9a (3.1.9a)
) (c:/Portable Softwares/texlive/2022/texmf-dist/tex/latex/pgf/compatibility/pgfcomp-version-0-65.sty
Package: pgfcomp-version-0-65 2021/05/15 v3.1.9a (3.1.9a)
\pgf@nodesepstart=\dimen300
\pgf@nodesepend=\dimen301
) (c:/Portable Softwares/texlive/2022/texmf-dist/tex/latex/pgf/compatibility/pgfcomp-version-1-18.sty
Package: pgfcomp-version-1-18 2021/05/15 v3.1.9a (3.1.9a)
)) (c:/Portable Softwares/texlive/2022/texmf-dist/tex/latex/tools/verbatim.sty
Package: verbatim 2020-07-07 v1.5u LaTeX2e package for verbatim enhancements
\every@verbatim=\toks50
\verbatim@line=\toks51
\verbatim@in@stream=\read3
) (c:/Portable Softwares/texlive/2022/texmf-dist/tex/latex/environ/environ.sty
Package: environ 2014/05/04 v0.3 A new way to define environments
 (c:/Portable Softwares/texlive/2022/texmf-dist/tex/latex/trimspaces/trimspaces.sty
Package: trimspaces 2009/09/17 v1.1 Trim spaces around a token list
))
\tcb@titlebox=\box79
\tcb@upperbox=\box80
\tcb@lowerbox=\box81
\tcb@phantombox=\box82
\c@tcbbreakpart=\count342
\c@tcblayer=\count343
\c@tcolorbox@number=\count344
\tcb@temp=\box83
\tcb@temp=\box84
\tcb@temp=\box85
\tcb@temp=\box86
) (c:/Portable Softwares/texlive/2022/texmf-dist/tex/latex/tools/array.sty
Package: array 2021/10/04 v2.5f Tabular extension package (FMi)
\col@sep=\dimen302
\ar@mcellbox=\box87
\extrarowheight=\dimen303
\NC@list=\toks52
\extratabsurround=\skip68
\backup@length=\skip69
\ar@cellbox=\box88
) (c:/Portable Softwares/texlive/2022/texmf-dist/tex/latex/colortbl/colortbl.sty
Package: colortbl 2020/01/04 v1.0e Color table columns (DPC)
\everycr=\toks53
\minrowclearance=\skip70
) (c:/Portable Softwares/texlive/2022/texmf-dist/tex/latex/fancybox/fancybox.sty
Package: fancybox 2010/05/15 1.4

Style option: `fancybox' v1.4 <2010/05/15> (tvz)
\@fancybox=\box89
\shadowsize=\dimen304
\@Sbox=\box90
\do@VerbBox=\toks54
\the@fancyput=\toks55
\this@fancyput=\toks56
\EndVerbatimTokens=\toks57
\Verbatim@Outfile=\write5
\Verbatim@Infile=\read4
) (c:/Portable Softwares/texlive/2022/texmf-dist/tex/latex/caption/caption.sty
Package: caption 2022/03/01 v3.6b Customizing captions (AR)
 (c:/Portable Softwares/texlive/2022/texmf-dist/tex/latex/caption/caption3.sty
Package: caption3 2022/03/17 v2.3b caption3 kernel (AR)
\caption@tempdima=\dimen305
\captionmargin=\dimen306
\caption@leftmargin=\dimen307
\caption@rightmargin=\dimen308
\caption@width=\dimen309
\caption@indent=\dimen310
\caption@parindent=\dimen311
\caption@hangindent=\dimen312
Package caption Info: beamer document class detected.
 (c:/Portable Softwares/texlive/2022/texmf-dist/tex/latex/caption/caption-beamer.sto
File: caption-beamer.sto 2022/01/06 v2.0c Adaption of the caption package to the beamer document classes (AR)
))
\c@caption@flags=\count345
\c@continuedfloat=\count346
Package caption Info: hyperref package is loaded.
Package caption Info: Hyperref support is turned off
(caption)             because hyperref has stopped early.
) (c:/Portable Softwares/texlive/2022/texmf-dist/tex/latex/beamer/beamercolorthemestructure.sty) (c:/Portable Softwares/texlive/2022/texmf-dist/tex/latex/beamer/beamerinnerthemerectangles.sty) (c:/Portable Softwares/texlive/2022/texmf-dist/tex/latex/beamer/beamerouterthememiniframes.sty)) (./ppt_sections/0_packages.tex (c:/Portable Softwares/texlive/2022/texmf-dist/tex/latex/base/fontenc.sty
Package: fontenc 2021/04/29 v2.0v Standard LaTeX package
LaTeX Font Info:    Trying to load font information for T1+phv on input line 112.
 (c:/Portable Softwares/texlive/2022/texmf-dist/tex/latex/psnfss/t1phv.fd
File: t1phv.fd 2020/03/25 scalable font definitions for T1/phv.
)) (c:/Portable Softwares/texlive/2022/texmf-dist/tex/latex/multirow/multirow.sty
Package: multirow 2021/03/15 v2.8 Span multiple rows of a table
\multirow@colwidth=\skip71
\multirow@cntb=\count347
\multirow@dima=\skip72
\bigstrutjot=\dimen313
) (c:/Portable Softwares/texlive/2022/texmf-dist/tex/latex/algorithm2e/algorithm2e.sty
Package: algorithm2e 2017/07/18 v5.2 algorithms environments
\c@AlgoLine=\count348
\algocf@hangindent=\skip73
 (c:/Portable Softwares/texlive/2022/texmf-dist/tex/latex/ifoddpage/ifoddpage.sty
Package: ifoddpage 2016/04/23 v1.1 Conditionals for odd/even page detection
\c@checkoddpage=\count349
) (c:/Portable Softwares/texlive/2022/texmf-dist/tex/latex/tools/xspace.sty
Package: xspace 2014/10/28 v1.13 Space after command names (DPC,MH)
) (c:/Portable Softwares/texlive/2022/texmf-dist/tex/latex/relsize/relsize.sty
Package: relsize 2013/03/29 ver 4.1
)
\skiptotal=\skip74
\skiplinenumber=\skip75
\skiprule=\skip76
\skiphlne=\skip77
\skiptext=\skip78
\skiplength=\skip79
\algomargin=\skip80
\skipalgocfslide=\skip81
\algowidth=\dimen314
\inoutsize=\dimen315
\inoutindent=\dimen316
\interspacetitleruled=\dimen317
\interspacealgoruled=\dimen318
\interspacetitleboxruled=\dimen319
\algocf@ruledwidth=\skip82
\algocf@inoutbox=\box91
\algocf@inputbox=\box92
\AlCapSkip=\skip83
\AlCapHSkip=\skip84
\algoskipindent=\skip85
\algocf@nlbox=\box93
\algocf@hangingbox=\box94
\algocf@untilbox=\box95
\algocf@skipuntil=\skip86
\algocf@capbox=\box96
\algocf@lcaptionbox=\skip87
\algoheightruledefault=\skip88
\algoheightrule=\skip89
\algotitleheightruledefault=\skip90
\algotitleheightrule=\skip91
\c@algocfline=\count350
\c@algocfproc=\count351
\c@algocf=\count352
\algocf@algoframe=\box97
\algocf@algobox=\box98
) (c:/Portable Softwares/texlive/2022/texmf-dist/tex/latex/listings/listings.sty
\lst@mode=\count353
\lst@gtempboxa=\box99
\lst@token=\toks58
\lst@length=\count354
\lst@currlwidth=\dimen320
\lst@column=\count355
\lst@pos=\count356
\lst@lostspace=\dimen321
\lst@width=\dimen322
\lst@newlines=\count357
\lst@lineno=\count358
\lst@maxwidth=\dimen323
 (c:/Portable Softwares/texlive/2022/texmf-dist/tex/latex/listings/lstmisc.sty
File: lstmisc.sty 2020/03/24 1.8d (Carsten Heinz)
\c@lstnumber=\count359
\lst@skipnumbers=\count360
\lst@framebox=\box100
) (c:/Portable Softwares/texlive/2022/texmf-dist/tex/latex/listings/listings.cfg
File: listings.cfg 2020/03/24 1.8d listings configuration
))
Package: listings 2020/03/24 1.8d (Carsten Heinz)
 (c:/Portable Softwares/texlive/2022/texmf-dist/tex/generic/babel/babel.sty
Package: babel 2022/04/30 3.74 The Babel package
\babel@savecnt=\count361
\U@D=\dimen324
\l@unhyphenated=\language87
 (c:/Portable Softwares/texlive/2022/texmf-dist/tex/generic/babel/txtbabel.def)
\bbl@readstream=\read5
LaTeX Info: Redefining \textlatin on input line 3990.
\bbl@dirlevel=\count362
 (c:/Portable Softwares/texlive/2022/texmf-dist/tex/generic/babel-english/english.ldf
Language: english 2017/06/06 v3.3r English support from the babel system
Package babel Info: Hyphen rules for 'canadian' set to \l@english
(babel)             (\language0). Reported on input line 102.
Package babel Info: Hyphen rules for 'australian' set to \l@ukenglish
(babel)             (\language21). Reported on input line 105.
Package babel Info: Hyphen rules for 'newzealand' set to \l@ukenglish
(babel)             (\language21). Reported on input line 108.
)) (c:/Portable Softwares/texlive/2022/texmf-dist/tex/latex/ragged2e/ragged2e.sty
Package: ragged2e 2021/12/15 v3.1 ragged2e Package


LaTeX Warning: Command \@arrayparboxrestore  has changed.
               Check if current package is valid.

(c:/Portable Softwares/texlive/2022/texmf-dist/tex/latex/footmisc/footmisc.sty
Package: footmisc 2022/03/08 v6.0d a miscellany of footnote facilities
\FN@temptoken=\toks59
\footnotemargin=\dimen325
\@outputbox@depth=\dimen326
Package footmisc Info: Declaring symbol style bringhurst on input line 695.
Package footmisc Info: Declaring symbol style chicago on input line 703.
Package footmisc Info: Declaring symbol style wiley on input line 712.
Package footmisc Info: Declaring symbol style lamport-robust on input line 723.
Package footmisc Info: Declaring symbol style lamport* on input line 743.
Package footmisc Info: Declaring symbol style lamport*-robust on input line 764.
)
\CenteringLeftskip=\skip92
\RaggedLeftLeftskip=\skip93
\RaggedRightLeftskip=\skip94
\CenteringRightskip=\skip95
\RaggedLeftRightskip=\skip96
\RaggedRightRightskip=\skip97
\CenteringParfillskip=\skip98
\RaggedLeftParfillskip=\skip99
\RaggedRightParfillskip=\skip100
\JustifyingParfillskip=\skip101
\CenteringParindent=\skip102
\RaggedLeftParindent=\skip103
\RaggedRightParindent=\skip104
\JustifyingParindent=\skip105
) (c:/Portable Softwares/texlive/2022/texmf-dist/tex/latex/natbib/natbib.sty
Package: natbib 2010/09/13 8.31b (PWD, AO)
\bibhang=\skip106
\bibsep=\skip107
LaTeX Info: Redefining \cite on input line 694.
\c@NAT@ctr=\count363
) (c:/Portable Softwares/texlive/2022/texmf-dist/tex/latex/csquotes/csquotes.sty
Package: csquotes 2021-02-22 v5.2l context-sensitive quotations (JAW)
\csq@reset=\count364
\csq@gtype=\count365
\csq@glevel=\count366
\csq@qlevel=\count367
\csq@maxlvl=\count368
\csq@tshold=\count369
\csq@ltx@everypar=\toks60
 (c:/Portable Softwares/texlive/2022/texmf-dist/tex/latex/csquotes/csquotes.def
File: csquotes.def 2021-02-22 v5.2l csquotes generic definitions (JAW)
)
Package csquotes Info: Trying to load configuration file 'csquotes.cfg'...
Package csquotes Info: ... configuration file loaded successfully.
 (c:/Portable Softwares/texlive/2022/texmf-dist/tex/latex/csquotes/csquotes.cfg
File: csquotes.cfg 
)) (c:/Portable Softwares/texlive/2022/texmf-dist/tex/latex/tools/multicol.sty
Package: multicol 2021/10/28 v1.9b multicolumn formatting (FMi)
\c@tracingmulticols=\count370
\mult@box=\box101
\multicol@leftmargin=\dimen327
\c@unbalance=\count371
\c@collectmore=\count372
\doublecol@number=\count373
\multicoltolerance=\count374
\multicolpretolerance=\count375
\full@width=\dimen328
\page@free=\dimen329
\premulticols=\dimen330
\postmulticols=\dimen331
\multicolsep=\skip108
\multicolbaselineskip=\skip109
\partial@page=\box102
\last@line=\box103
\maxbalancingoverflow=\dimen332
\mult@rightbox=\box104
\mult@grightbox=\box105
\mult@firstbox=\box106
\mult@gfirstbox=\box107
\@tempa=\box108
\@tempa=\box109
\@tempa=\box110
\@tempa=\box111
\@tempa=\box112
\@tempa=\box113
\@tempa=\box114
\@tempa=\box115
\@tempa=\box116
\@tempa=\box117
\@tempa=\box118
\@tempa=\box119
\@tempa=\box120
\@tempa=\box121
\@tempa=\box122
\@tempa=\box123
\@tempa=\box124
\@tempa=\box125
\@tempa=\box126
\@tempa=\box127
\@tempa=\box128
\@tempa=\box129
\@tempa=\box130
\@tempa=\box131
\@tempa=\box132
\@tempa=\box133
\@tempa=\box134
\@tempa=\box135
\@tempa=\box136
\@tempa=\box137
\@tempa=\box138
\@tempa=\box139
\@tempa=\box140
\@tempa=\box141
\@tempa=\box142
\@tempa=\box143
\c@minrows=\count376
\c@columnbadness=\count377
\c@finalcolumnbadness=\count378
\last@try=\dimen333
\multicolovershoot=\dimen334
\multicolundershoot=\dimen335
\mult@nat@firstbox=\box144
\colbreak@box=\box145
\mc@col@check@num=\count379
) (c:/Portable Softwares/texlive/2022/texmf-dist/tex/latex/transparent/transparent.sty
Package: transparent 2019/11/29 v1.4 Transparency via pdfTeX's color stack (HO)
) (c:/Portable Softwares/texlive/2022/texmf-dist/tex/latex/pgf/frontendlayer/tikz.sty (c:/Portable Softwares/texlive/2022/texmf-dist/tex/latex/pgf/utilities/pgffor.sty (c:/Portable Softwares/texlive/2022/texmf-dist/tex/generic/pgf/utilities/pgffor.code.tex
Package: pgffor 2021/05/15 v3.1.9a (3.1.9a)
 (c:/Portable Softwares/texlive/2022/texmf-dist/tex/generic/pgf/math/pgfmath.code.tex)
\pgffor@iter=\dimen336
\pgffor@skip=\dimen337
\pgffor@stack=\toks61
\pgffor@toks=\toks62
)) (c:/Portable Softwares/texlive/2022/texmf-dist/tex/generic/pgf/frontendlayer/tikz/tikz.code.tex
Package: tikz 2021/05/15 v3.1.9a (3.1.9a)
 (c:/Portable Softwares/texlive/2022/texmf-dist/tex/generic/pgf/libraries/pgflibraryplothandlers.code.tex
File: pgflibraryplothandlers.code.tex 2021/05/15 v3.1.9a (3.1.9a)
\pgf@plot@mark@count=\count380
\pgfplotmarksize=\dimen338
)
\tikz@lastx=\dimen339
\tikz@lasty=\dimen340
\tikz@lastxsaved=\dimen341
\tikz@lastysaved=\dimen342
\tikz@lastmovetox=\dimen343
\tikz@lastmovetoy=\dimen344
\tikzleveldistance=\dimen345
\tikzsiblingdistance=\dimen346
\tikz@figbox=\box146
\tikz@figbox@bg=\box147
\tikz@tempbox=\box148
\tikz@tempbox@bg=\box149
\tikztreelevel=\count381
\tikznumberofchildren=\count382
\tikznumberofcurrentchild=\count383
\tikz@fig@count=\count384
 (c:/Portable Softwares/texlive/2022/texmf-dist/tex/generic/pgf/modules/pgfmodulematrix.code.tex
File: pgfmodulematrix.code.tex 2021/05/15 v3.1.9a (3.1.9a)
\pgfmatrixcurrentrow=\count385
\pgfmatrixcurrentcolumn=\count386
\pgf@matrix@numberofcolumns=\count387
)
\tikz@expandcount=\count388
 (c:/Portable Softwares/texlive/2022/texmf-dist/tex/generic/pgf/frontendlayer/tikz/libraries/tikzlibrarytopaths.code.tex
File: tikzlibrarytopaths.code.tex 2021/05/15 v3.1.9a (3.1.9a)
))) (c:/Portable Softwares/texlive/2022/texmf-dist/tex/latex/subfigure/subfigure.sty
Package: subfigure 2002/03/15 v2.1.5 subfigure package
\subfigtopskip=\skip110
\subfigcapskip=\skip111
\subfigcaptopadj=\dimen347
\subfigbottomskip=\skip112
\subfigcapmargin=\dimen348
\subfiglabelskip=\skip113
\c@subfigure=\count389
\c@lofdepth=\count390
\c@subtable=\count391
\c@lotdepth=\count392

****************************************
* Local config file subfigure.cfg used *
****************************************
(c:/Portable Softwares/texlive/2022/texmf-dist/tex/latex/subfigure/subfigure.cfg)
\subfig@top=\skip114
\subfig@bottom=\skip115
))
Package csquotes Info: Checking for multilingual support...
Package csquotes Info: ... found 'babel' package.
Package csquotes Info: Adjusting default style.
Package csquotes Info: Redefining alias 'default' -> 'english'.
 (c:/Portable Softwares/texlive/2022/texmf-dist/tex/latex/l3backend/l3backend-pdftex.def
File: l3backend-pdftex.def 2022-04-20 L3 backend support: PDF output (pdfTeX)
\l__color_backend_stack_int=\count393
\l__pdf_internal_box=\box150
) (19CS91R05 - Nishkal - Registration Seminar - Presentation/19CS91R05 - Nishkal - Registration Seminar - Presentation.aux)
\openout1 = `"19CS91R05 - Nishkal - Registration Seminar - Presentation.aux"'.

LaTeX Font Info:    Checking defaults for OML/cmm/m/it on input line 5.
LaTeX Font Info:    ... okay on input line 5.
LaTeX Font Info:    Checking defaults for OMS/cmsy/m/n on input line 5.
LaTeX Font Info:    ... okay on input line 5.
LaTeX Font Info:    Checking defaults for OT1/cmr/m/n on input line 5.
LaTeX Font Info:    ... okay on input line 5.
LaTeX Font Info:    Checking defaults for T1/cmr/m/n on input line 5.
LaTeX Font Info:    ... okay on input line 5.
LaTeX Font Info:    Checking defaults for TS1/cmr/m/n on input line 5.
LaTeX Font Info:    ... okay on input line 5.
LaTeX Font Info:    Checking defaults for OMX/cmex/m/n on input line 5.
LaTeX Font Info:    ... okay on input line 5.
LaTeX Font Info:    Checking defaults for U/cmr/m/n on input line 5.
LaTeX Font Info:    ... okay on input line 5.
LaTeX Font Info:    Checking defaults for PD1/pdf/m/n on input line 5.
LaTeX Font Info:    ... okay on input line 5.
LaTeX Font Info:    Checking defaults for PU/pdf/m/n on input line 5.
LaTeX Font Info:    ... okay on input line 5.

*geometry* driver: auto-detecting
*geometry* detected driver: pdftex
*geometry* verbose mode - [ preamble ] result:
* driver: pdftex
* paper: custom
* layout: <same size as paper>
* layoutoffset:(h,v)=(0.0pt,0.0pt)
* modes: includehead includefoot 
* h-part:(L,W,R)=(28.45274pt, 307.28987pt, 28.45274pt)
* v-part:(T,H,B)=(0.0pt, 273.14662pt, 0.0pt)
* \paperwidth=364.19536pt
* \paperheight=273.14662pt
* \textwidth=307.28987pt
* \textheight=244.6939pt
* \oddsidemargin=-43.81725pt
* \evensidemargin=-43.81725pt
* \topmargin=-72.26999pt
* \headheight=14.22636pt
* \headsep=0.0pt
* \topskip=10.0pt
* \footskip=14.22636pt
* \marginparwidth=3.0pt
* \marginparsep=11.0pt
* \columnsep=10.0pt
* \skip\footins=9.0pt plus 4.0pt minus 2.0pt
* \hoffset=0.0pt
* \voffset=0.0pt
* \mag=1000
* \@twocolumnfalse
* \@twosidefalse
* \@mparswitchfalse
* \@reversemarginfalse
* (1in=72.27pt=25.4mm, 1cm=28.453pt)

(c:/Portable Softwares/texlive/2022/texmf-dist/tex/context/base/mkii/supp-pdf.mkii
[Loading MPS to PDF converter (version 2006.09.02).]
\scratchcounter=\count394
\scratchdimen=\dimen349
\scratchbox=\box151
\nofMPsegments=\count395
\nofMParguments=\count396
\everyMPshowfont=\toks63
\MPscratchCnt=\count397
\MPscratchDim=\dimen350
\MPnumerator=\count398
\makeMPintoPDFobject=\count399
\everyMPtoPDFconversion=\toks64
) (c:/Portable Softwares/texlive/2022/texmf-dist/tex/latex/epstopdf-pkg/epstopdf-base.sty
Package: epstopdf-base 2020-01-24 v2.11 Base part for package epstopdf
Package epstopdf-base Info: Redefining graphics rule for `.eps' on input line 485.
 (c:/Portable Softwares/texlive/2022/texmf-dist/tex/latex/latexconfig/epstopdf-sys.cfg
File: epstopdf-sys.cfg 2010/07/13 v1.3 Configuration of (r)epstopdf for TeX Live
))
Package hyperref Info: Link coloring OFF on input line 5.
 (19CS91R05 - Nishkal - Registration Seminar - Presentation/19CS91R05 - Nishkal - Registration Seminar - Presentation.out) (19CS91R05 - Nishkal - Registration Seminar - Presentation/19CS91R05 - Nishkal - Registration Seminar - Presentation.out)
\@outlinefile=\write6
\openout6 = `"19CS91R05 - Nishkal - Registration Seminar - Presentation.out"'.

LaTeX Font Info:    Overwriting symbol font `operators' in version `normal'
(Font)                  OT1/cmr/m/n --> OT1/cmss/m/n on input line 5.
LaTeX Font Info:    Overwriting symbol font `operators' in version `bold'
(Font)                  OT1/cmr/bx/n --> OT1/cmss/b/n on input line 5.
\symnumbers=\mathgroup6
\sympureletters=\mathgroup7
LaTeX Font Info:    Overwriting math alphabet `\mathrm' in version `normal'
(Font)                  OT1/cmss/m/n --> T1/cmr/m/n on input line 5.
LaTeX Font Info:    Redeclaring math alphabet \mathbf on input line 5.
LaTeX Font Info:    Overwriting math alphabet `\mathbf' in version `normal'
(Font)                  OT1/cmr/bx/n --> T1/phv/b/n on input line 5.
LaTeX Font Info:    Overwriting math alphabet `\mathbf' in version `bold'
(Font)                  OT1/cmr/bx/n --> T1/phv/b/n on input line 5.
LaTeX Font Info:    Redeclaring math alphabet \mathsf on input line 5.
LaTeX Font Info:    Overwriting math alphabet `\mathsf' in version `normal'
(Font)                  OT1/cmss/m/n --> T1/phv/m/n on input line 5.
LaTeX Font Info:    Overwriting math alphabet `\mathsf' in version `bold'
(Font)                  OT1/cmss/bx/n --> T1/phv/m/n on input line 5.
LaTeX Font Info:    Redeclaring math alphabet \mathit on input line 5.
LaTeX Font Info:    Overwriting math alphabet `\mathit' in version `normal'
(Font)                  OT1/cmr/m/it --> T1/phv/m/it on input line 5.
LaTeX Font Info:    Overwriting math alphabet `\mathit' in version `bold'
(Font)                  OT1/cmr/bx/it --> T1/phv/m/it on input line 5.
LaTeX Font Info:    Redeclaring math alphabet \mathtt on input line 5.
LaTeX Font Info:    Overwriting math alphabet `\mathtt' in version `normal'
(Font)                  OT1/cmtt/m/n --> T1/cmtt/m/n on input line 5.
LaTeX Font Info:    Overwriting math alphabet `\mathtt' in version `bold'
(Font)                  OT1/cmtt/m/n --> T1/cmtt/m/n on input line 5.
LaTeX Font Info:    Overwriting symbol font `numbers' in version `bold'
(Font)                  T1/phv/m/n --> T1/phv/b/n on input line 5.
LaTeX Font Info:    Overwriting symbol font `pureletters' in version `bold'
(Font)                  T1/phv/m/it --> T1/phv/b/it on input line 5.
LaTeX Font Info:    Overwriting math alphabet `\mathrm' in version `bold'
(Font)                  OT1/cmss/b/n --> T1/cmr/b/n on input line 5.
LaTeX Font Info:    Overwriting math alphabet `\mathbf' in version `bold'
(Font)                  T1/phv/b/n --> T1/phv/b/n on input line 5.
LaTeX Font Info:    Overwriting math alphabet `\mathsf' in version `bold'
(Font)                  T1/phv/m/n --> T1/phv/b/n on input line 5.
LaTeX Font Info:    Overwriting math alphabet `\mathit' in version `bold'
(Font)                  T1/phv/m/it --> T1/phv/b/it on input line 5.
LaTeX Font Info:    Overwriting math alphabet `\mathtt' in version `bold'
(Font)                  T1/cmtt/m/n --> T1/cmtt/b/n on input line 5.
 (c:/Portable Softwares/texlive/2022/texmf-dist/tex/latex/translator/translator-basic-dictionary-English.dict
Dictionary: translator-basic-dictionary, Language: English 
) (c:/Portable Softwares/texlive/2022/texmf-dist/tex/latex/translator/translator-bibliography-dictionary-English.dict
Dictionary: translator-bibliography-dictionary, Language: English 
) (c:/Portable Softwares/texlive/2022/texmf-dist/tex/latex/translator/translator-environment-dictionary-English.dict
Dictionary: translator-environment-dictionary, Language: English 
) (c:/Portable Softwares/texlive/2022/texmf-dist/tex/latex/translator/translator-months-dictionary-English.dict
Dictionary: translator-months-dictionary, Language: English 
) (c:/Portable Softwares/texlive/2022/texmf-dist/tex/latex/translator/translator-numbers-dictionary-English.dict
Dictionary: translator-numbers-dictionary, Language: English 
) (c:/Portable Softwares/texlive/2022/texmf-dist/tex/latex/translator/translator-theorem-dictionary-English.dict
Dictionary: translator-theorem-dictionary, Language: English 
)
LaTeX Info: Redefining \microtypecontext on input line 5.
Package microtype Info: Applying patch `item' on input line 5.
Package microtype Info: Applying patch `toc' on input line 5.
Package microtype Info: Applying patch `eqnum' on input line 5.


Package microtype Warning: Unable to apply patch `footnote' on input line 5.

Package microtype Info: Generating PDF output.
Package microtype Info: Character protrusion enabled (level 2).
Package microtype Info: Using default protrusion set `alltext'.
Package microtype Info: Automatic font expansion enabled (level 2),
(microtype)             stretch: 20, shrink: 20, step: 1, non-selected.
Package microtype Info: Using default expansion set `alltext-nott'.
LaTeX Info: Redefining \showhyphens on input line 5.
Package microtype Info: No adjustment of tracking.
Package microtype Info: No adjustment of interword spacing.
Package microtype Info: No adjustment of character kerning.
Package microtype Info: Loading generic protrusion settings for font family
(microtype)             `phv' (encoding: T1).
(microtype)             For optimal results, create family-specific settings.
(microtype)             See the microtype manual for details.
(c:/Portable Softwares/texlive/2022/texmf-dist/tex/latex/pdflscape/pdflscape.sty
Package: pdflscape 2019/12/05 v0.12 Display of landscape pages in PDF (HO)
 (c:/Portable Softwares/texlive/2022/texmf-dist/tex/latex/graphics/lscape.sty
Package: lscape 2020/05/28 v3.02 Landscape Pages (DPC)
)
Package pdflscape Info: Auto-detected driver: pdftex on input line 81.
)
Package caption Info: Begin \AtBeginDocument code.
Package caption Info: listings package is loaded.
Package caption Info: subfigure package is loaded.
Package caption Info: End \AtBeginDocument code.
\c@lstlisting=\count400
Package ragged2e Info: ABD: executing \RaggedRight on input line 5.
 (19CS91R05 - Nishkal - Registration Seminar - Presentation/19CS91R05 - Nishkal - Registration Seminar - Presentation.nav)
Overfull \hbox (3.27316pt too wide) in paragraph at lines 5--5
[][]  
 []

(./ppt_sections/1_titlepage.tex
LaTeX Font Info:    Font shape `T1/phv/m/it' in size <10> not available
(Font)              Font shape `T1/phv/m/sl' tried instead on input line 8.
LaTeX Font Info:    Font shape `T1/phv/m/it' in size <7> not available
(Font)              Font shape `T1/phv/m/sl' tried instead on input line 8.
<images/IITLOGO.png, id=64, 1204.5pt x 1348.03625pt>
File: images/IITLOGO.png Graphic file (type png)
<use images/IITLOGO.png>
Package pdftex.def Info: images/IITLOGO.png  used on input line 12.
(pdftex.def)             Requested size: 42.1618pt x 47.18608pt.
) [1

{c:/Portable Softwares/texlive/2022/texmf-var/fonts/map/pdftex/updmap/pdftex.map} <./images/IITLOGO.png>] (19CS91R05 - Nishkal - Registration Seminar - Presentation/19CS91R05 - Nishkal - Registration Seminar - Presentation.toc)
File: images/IITLOGO.png Graphic file (type png)
<use images/IITLOGO.png>
Package pdftex.def Info: images/IITLOGO.png  used on input line 27.
(pdftex.def)             Requested size: 15.23633pt x 17.07182pt.

Overfull \hbox (3.27316pt too wide) has occurred while \output is active
[][]  
 []

[2

] (./ppt_sections/2_section_page.tex [3

]) (./ppt_sections/3_introduction.tex
<images/Examples of biometric characteristics.png, id=189, 804.00375pt x 526.96875pt>
File: images/Examples of biometric characteristics.png Graphic file (type png)
<use images/Examples of biometric characteristics.png>
Package pdftex.def Info: images/Examples of biometric characteristics.png  used on input line 12.
(pdftex.def)             Requested size: 215.10196pt x 140.98083pt.

Overfull \hbox (20.00003pt too wide) in paragraph at lines 12--12
[][] 
 []


Underfull \hbox (badness 10000) in paragraph at lines 12--12
 
 []


Overfull \vbox (1.86496pt too high) detected at line 12
 []

File: images/IITLOGO.png Graphic file (type png)
<use images/IITLOGO.png>
Package pdftex.def Info: images/IITLOGO.png  used on input line 12.
(pdftex.def)             Requested size: 15.23633pt x 17.07182pt.

Overfull \hbox (3.27316pt too wide) has occurred while \output is active
[][]  
 []

[4

 <./images/Examples of biometric characteristics.png>]
Package microtype Info: Loading generic protrusion settings for font family
(microtype)             `cmss' (encoding: OT1).
(microtype)             For optimal results, create family-specific settings.
(microtype)             See the microtype manual for details.
LaTeX Font Info:    Trying to load font information for U+msa on input line 45.
 (c:/Portable Softwares/texlive/2022/texmf-dist/tex/latex/amsfonts/umsa.fd
File: umsa.fd 2013/01/14 v3.01 AMS symbols A
) (c:/Portable Softwares/texlive/2022/texmf-dist/tex/latex/microtype/mt-msa.cfg
File: mt-msa.cfg 2006/02/04 v1.1 microtype config. file: AMS symbols (a) (RS)
)
LaTeX Font Info:    Trying to load font information for U+msb on input line 45.
 (c:/Portable Softwares/texlive/2022/texmf-dist/tex/latex/amsfonts/umsb.fd
File: umsb.fd 2013/01/14 v3.01 AMS symbols B
) (c:/Portable Softwares/texlive/2022/texmf-dist/tex/latex/microtype/mt-msb.cfg
File: mt-msb.cfg 2005/06/01 v1.0 microtype config. file: AMS symbols (b) (RS)
)
LaTeX Font Info:    Font shape `T1/phv/m/it' in size <9> not available
(Font)              Font shape `T1/phv/m/sl' tried instead on input line 45.
LaTeX Font Info:    Font shape `T1/phv/m/it' in size <6> not available
(Font)              Font shape `T1/phv/m/sl' tried instead on input line 45.
LaTeX Font Info:    Font shape `T1/phv/m/it' in size <5> not available
(Font)              Font shape `T1/phv/m/sl' tried instead on input line 45.
File: images/IITLOGO.png Graphic file (type png)
<use images/IITLOGO.png>
Package pdftex.def Info: images/IITLOGO.png  used on input line 45.
(pdftex.def)             Requested size: 15.23633pt x 17.07182pt.

Overfull \hbox (3.27316pt too wide) has occurred while \output is active
[][]  
 []

[5

]
<images/Comparison of Various Biometric Technologies Based on the Perception_numbers.pdf, id=307, 397.485pt x 324.21124pt>
File: images/Comparison of Various Biometric Technologies Based on the Perception_numbers.pdf Graphic file (type pdf)
<use images/Comparison of Various Biometric Technologies Based on the Perception_numbers.pdf>
Package pdftex.def Info: images/Comparison of Various Biometric Technologies Based on the Perception_numbers.pdf  used on input line 59.
(pdftex.def)             Requested size: 184.3758pt x 150.39058pt.

Overfull \hbox (20.00003pt too wide) in paragraph at lines 59--59
[][] 
 []


Underfull \hbox (badness 10000) in paragraph at lines 59--59
 
 []

File: images/IITLOGO.png Graphic file (type png)
<use images/IITLOGO.png>
Package pdftex.def Info: images/IITLOGO.png  used on input line 59.
(pdftex.def)             Requested size: 15.23633pt x 17.07182pt.

Overfull \hbox (3.27316pt too wide) has occurred while \output is active
[][]  
 []

[6

 <./images/Comparison of Various Biometric Technologies Based on the Perception_numbers.pdf>]
<images/Classification of biometric modalities.png, id=384, 705.837pt x 445.665pt>
File: images/Classification of biometric modalities.png Graphic file (type png)
<use images/Classification of biometric modalities.png>
Package pdftex.def Info: images/Classification of biometric modalities.png  used on input line 73.
(pdftex.def)             Requested size: 276.559pt x 174.62468pt.

Overfull \hbox (20.00003pt too wide) in paragraph at lines 73--73
[][] 
 []


Underfull \hbox (badness 10000) in paragraph at lines 73--73
 
 []


Overfull \vbox (14.5638pt too high) detected at line 73
 []

File: images/IITLOGO.png Graphic file (type png)
<use images/IITLOGO.png>
Package pdftex.def Info: images/IITLOGO.png  used on input line 73.
(pdftex.def)             Requested size: 15.23633pt x 17.07182pt.

Overfull \hbox (3.27316pt too wide) has occurred while \output is active
[][]  
 []

[7

 <./images/Classification of biometric modalities.png>]
File: images/IITLOGO.png Graphic file (type png)
<use images/IITLOGO.png>
Package pdftex.def Info: images/IITLOGO.png  used on input line 91.
(pdftex.def)             Requested size: 15.23633pt x 17.07182pt.

Overfull \hbox (3.27316pt too wide) has occurred while \output is active
[][]  
 []

[8

]
File: images/IITLOGO.png Graphic file (type png)
<use images/IITLOGO.png>
Package pdftex.def Info: images/IITLOGO.png  used on input line 91.
(pdftex.def)             Requested size: 15.23633pt x 17.07182pt.

Overfull \hbox (3.27316pt too wide) has occurred while \output is active
[][]  
 []

[9

]

pdfTeX warning: pdflatex.exe (file ./images/Block diagram of a generic biometric system.pdf): PDF inclusion: found PDF version <1.7>, but at most version <1.5> allowed
<images/Block diagram of a generic biometric system.pdf, id=556, 529.01637pt x 332.2011pt>
File: images/Block diagram of a generic biometric system.pdf Graphic file (type pdf)
<use images/Block diagram of a generic biometric system.pdf>
Package pdftex.def Info: images/Block diagram of a generic biometric system.pdf  used on input line 104.
(pdftex.def)             Requested size: 261.19826pt x 164.02185pt.

Overfull \hbox (20.00003pt too wide) in paragraph at lines 104--104
[][] 
 []


Underfull \hbox (badness 10000) in paragraph at lines 104--104
 
 []


Overfull \vbox (5.90598pt too high) detected at line 104
 []

File: images/IITLOGO.png Graphic file (type png)
<use images/IITLOGO.png>
Package pdftex.def Info: images/IITLOGO.png  used on input line 104.
(pdftex.def)             Requested size: 15.23633pt x 17.07182pt.

Overfull \hbox (3.27316pt too wide) has occurred while \output is active
[][]  
 []

[10

 <./images/Block diagram of a generic biometric system.pdf>]

pdfTeX warning: pdflatex.exe (file ./images/Classification of database indexing.pdf): PDF inclusion: found PDF version <1.7>, but at most version <1.5> allowed
<images/Classification of database indexing.pdf, id=628, 963.6pt x 542.025pt>
File: images/Classification of database indexing.pdf Graphic file (type pdf)
<use images/Classification of database indexing.pdf>
Package pdftex.def Info: images/Classification of database indexing.pdf  used on input line 118.
(pdftex.def)             Requested size: 276.559pt x 155.56218pt.

Overfull \hbox (20.00003pt too wide) in paragraph at lines 118--118
[][] 
 []


Underfull \hbox (badness 10000) in paragraph at lines 118--118
 
 []

File: images/IITLOGO.png Graphic file (type png)
<use images/IITLOGO.png>
Package pdftex.def Info: images/IITLOGO.png  used on input line 118.
(pdftex.def)             Requested size: 15.23633pt x 17.07182pt.

Overfull \hbox (3.27316pt too wide) has occurred while \output is active
[][]  
 []

[11

 <./images/Classification of database indexing.pdf>]
File: images/IITLOGO.png Graphic file (type png)
<use images/IITLOGO.png>
Package pdftex.def Info: images/IITLOGO.png  used on input line 143.
(pdftex.def)             Requested size: 15.23633pt x 17.07182pt.

Overfull \hbox (3.27316pt too wide) has occurred while \output is active
[][]  
 []

[12

]

pdfTeX warning: pdflatex.exe (file ./images/steps_in_identification_with_indexing.drawio.pdf): PDF inclusion: found PDF version <1.7>, but at most version <1.5> allowed
<images/steps_in_identification_with_indexing.drawio.pdf, id=749, 551.1792pt x 183.8067pt>
File: images/steps_in_identification_with_indexing.drawio.pdf Graphic file (type pdf)
<use images/steps_in_identification_with_indexing.drawio.pdf>
Package pdftex.def Info: images/steps_in_identification_with_indexing.drawio.pdf  used on input line 157.
(pdftex.def)             Requested size: 276.559pt x 92.22845pt.

Overfull \hbox (20.00003pt too wide) in paragraph at lines 157--157
[][] 
 []


Underfull \hbox (badness 10000) in paragraph at lines 157--157
 
 []

File: images/IITLOGO.png Graphic file (type png)
<use images/IITLOGO.png>
Package pdftex.def Info: images/IITLOGO.png  used on input line 157.
(pdftex.def)             Requested size: 15.23633pt x 17.07182pt.

Overfull \hbox (3.27316pt too wide) has occurred while \output is active
[][]  
 []

[13

 <./images/steps_in_identification_with_indexing.drawio.pdf>]) (./ppt_sections/2_section_page.tex [14

]) (./ppt_sections/4_literature_review.tex
File: images/IITLOGO.png Graphic file (type png)
<use images/IITLOGO.png>
Package pdftex.def Info: images/IITLOGO.png  used on input line 27.
(pdftex.def)             Requested size: 15.23633pt x 17.07182pt.

Overfull \hbox (3.27316pt too wide) has occurred while \output is active
[][]  
 []

[15

]
File: images/IITLOGO.png Graphic file (type png)
<use images/IITLOGO.png>
Package pdftex.def Info: images/IITLOGO.png  used on input line 51.
(pdftex.def)             Requested size: 15.23633pt x 17.07182pt.

Overfull \hbox (3.27316pt too wide) has occurred while \output is active
[][]  
 []

[16

]
File: images/IITLOGO.png Graphic file (type png)
<use images/IITLOGO.png>
Package pdftex.def Info: images/IITLOGO.png  used on input line 78.
(pdftex.def)             Requested size: 15.23633pt x 17.07182pt.

Overfull \hbox (3.27316pt too wide) has occurred while \output is active
[][]  
 []

[17

]
File: images/IITLOGO.png Graphic file (type png)
<use images/IITLOGO.png>
Package pdftex.def Info: images/IITLOGO.png  used on input line 104.
(pdftex.def)             Requested size: 15.23633pt x 17.07182pt.

Overfull \hbox (3.27316pt too wide) has occurred while \output is active
[][]  
 []

[18

]) (./ppt_sections/2_section_page.tex [19

]) (./ppt_sections/5_scope.tex
File: images/steps_in_identification_with_indexing.drawio.pdf Graphic file (type pdf)
<use images/steps_in_identification_with_indexing.drawio.pdf>
Package pdftex.def Info: images/steps_in_identification_with_indexing.drawio.pdf  used on input line 13.
(pdftex.def)             Requested size: 276.559pt x 92.22845pt.

Overfull \hbox (20.00003pt too wide) in paragraph at lines 13--13
[][] 
 []


Underfull \hbox (badness 10000) in paragraph at lines 13--13
 
 []

File: images/IITLOGO.png Graphic file (type png)
<use images/IITLOGO.png>
Package pdftex.def Info: images/IITLOGO.png  used on input line 13.
(pdftex.def)             Requested size: 15.23633pt x 17.07182pt.

Overfull \hbox (3.27316pt too wide) has occurred while \output is active
[][]  
 []

[20

]
File: images/IITLOGO.png Graphic file (type png)
<use images/IITLOGO.png>
Package pdftex.def Info: images/IITLOGO.png  used on input line 40.
(pdftex.def)             Requested size: 15.23633pt x 17.07182pt.

Overfull \hbox (3.27316pt too wide) has occurred while \output is active
[][]  
 []

[21

]
File: images/IITLOGO.png Graphic file (type png)
<use images/IITLOGO.png>
Package pdftex.def Info: images/IITLOGO.png  used on input line 40.
(pdftex.def)             Requested size: 15.23633pt x 17.07182pt.

Overfull \hbox (3.27316pt too wide) has occurred while \output is active
[][]  
 []

[22

]
File: images/IITLOGO.png Graphic file (type png)
<use images/IITLOGO.png>
Package pdftex.def Info: images/IITLOGO.png  used on input line 60.
(pdftex.def)             Requested size: 15.23633pt x 17.07182pt.

Overfull \hbox (3.27316pt too wide) has occurred while \output is active
[][]  
 []

[23

]
File: images/IITLOGO.png Graphic file (type png)
<use images/IITLOGO.png>
Package pdftex.def Info: images/IITLOGO.png  used on input line 60.
(pdftex.def)             Requested size: 15.23633pt x 17.07182pt.

Overfull \hbox (3.27316pt too wide) has occurred while \output is active
[][]  
 []

[24

]
File: images/IITLOGO.png Graphic file (type png)
<use images/IITLOGO.png>
Package pdftex.def Info: images/IITLOGO.png  used on input line 60.
(pdftex.def)             Requested size: 15.23633pt x 17.07182pt.

Overfull \hbox (3.27316pt too wide) has occurred while \output is active
[][]  
 []

[25

]
File: images/IITLOGO.png Graphic file (type png)
<use images/IITLOGO.png>
Package pdftex.def Info: images/IITLOGO.png  used on input line 60.
(pdftex.def)             Requested size: 15.23633pt x 17.07182pt.

Overfull \hbox (3.27316pt too wide) has occurred while \output is active
[][]  
 []

[26

]
File: images/IITLOGO.png Graphic file (type png)
<use images/IITLOGO.png>
Package pdftex.def Info: images/IITLOGO.png  used on input line 60.
(pdftex.def)             Requested size: 15.23633pt x 17.07182pt.

Overfull \hbox (3.27316pt too wide) has occurred while \output is active
[][]  
 []

[27

]) (./ppt_sections/2_section_page.tex [28

]) (./ppt_sections/6_work_done.tex

pdfTeX warning: pdflatex.exe (file ./images//blockdiagram.pdf): PDF inclusion: found PDF version <1.7>, but at most version <1.5> allowed
<images//blockdiagram.pdf, id=1552, 715.80914pt x 466.10817pt>
File: images//blockdiagram.pdf Graphic file (type pdf)
<use images//blockdiagram.pdf>
Package pdftex.def Info: images//blockdiagram.pdf  used on input line 38.
(pdftex.def)             Requested size: 231.26378pt x 150.58722pt.

Overfull \hbox (20.00003pt too wide) in paragraph at lines 38--38
[][] 
 []


Underfull \hbox (badness 10000) in paragraph at lines 38--38
 
 []

File: images/IITLOGO.png Graphic file (type png)
<use images/IITLOGO.png>
Package pdftex.def Info: images/IITLOGO.png  used on input line 38.
(pdftex.def)             Requested size: 15.23633pt x 17.07182pt.

Overfull \hbox (3.27316pt too wide) has occurred while \output is active
[][]  
 []

[29

 <./images//blockdiagram.pdf>]

pdfTeX warning: pdflatex.exe (file ./images/pre-proc_1.pdf): PDF inclusion: found PDF version <1.6>, but at most version <1.5> allowed
<images/pre-proc_1.pdf, id=1633, 297.11pt x 562.1pt>
File: images/pre-proc_1.pdf Graphic file (type pdf)
<use images/pre-proc_1.pdf>
Package pdftex.def Info: images/pre-proc_1.pdf  used on input line 61.
(pdftex.def)             Requested size: 65.04256pt x 123.05342pt.


pdfTeX warning: pdflatex.exe (file ./images/pre-proc_2_rotated.pdf): PDF inclusion: found PDF version <1.6>, but at most version <1.5> allowed
<images/pre-proc_2_rotated.pdf, id=1634, 297.11pt x 562.1pt>
File: images/pre-proc_2_rotated.pdf Graphic file (type pdf)
<use images/pre-proc_2_rotated.pdf>
Package pdftex.def Info: images/pre-proc_2_rotated.pdf  used on input line 61.
(pdftex.def)             Requested size: 65.04256pt x 123.05342pt.


pdfTeX warning: pdflatex.exe (file ./images/pre-proc_3_enhanced.pdf): PDF inclusion: found PDF version <1.6>, but at most version <1.5> allowed
<images/pre-proc_3_enhanced.pdf, id=1635, 297.11pt x 562.1pt>
File: images/pre-proc_3_enhanced.pdf Graphic file (type pdf)
<use images/pre-proc_3_enhanced.pdf>
Package pdftex.def Info: images/pre-proc_3_enhanced.pdf  used on input line 61.
(pdftex.def)             Requested size: 65.04256pt x 123.05342pt.

Overfull \hbox (20.00003pt too wide) in paragraph at lines 61--61
[][] 
 []


Underfull \hbox (badness 10000) in paragraph at lines 61--61
 
 []

File: images/IITLOGO.png Graphic file (type png)
<use images/IITLOGO.png>
Package pdftex.def Info: images/IITLOGO.png  used on input line 61.
(pdftex.def)             Requested size: 15.23633pt x 17.07182pt.

Overfull \hbox (3.27316pt too wide) has occurred while \output is active
[][]  
 []

[30

 <./images/pre-proc_1.pdf> <./images/pre-proc_2_rotated.pdf> <./images/pre-proc_3_enhanced.pdf>]

pdfTeX warning: pdflatex.exe (file ./images/glcm1.pdf): PDF inclusion: found PDF version <1.7>, but at most version <1.5> allowed
<images/glcm1.pdf, id=1706, 185.27438pt x 342.29881pt>
File: images/glcm1.pdf Graphic file (type pdf)
<use images/glcm1.pdf>
Package pdftex.def Info: images/glcm1.pdf  used on input line 84.
(pdftex.def)             Requested size: 62.87454pt x 116.16068pt.
LaTeX Font Info:    Font shape `T1/phv/m/it' in size <8> not available
(Font)              Font shape `T1/phv/m/sl' tried instead on input line 84.


pdfTeX warning: pdflatex.exe (file ./images/glcm2.pdf): PDF inclusion: found PDF version <1.7>, but at most version <1.5> allowed
<images/glcm2.pdf, id=1707, 176.73328pt x 340.32745pt>
File: images/glcm2.pdf Graphic file (type pdf)
<use images/glcm2.pdf>
Package pdftex.def Info: images/glcm2.pdf  used on input line 84.
(pdftex.def)             Requested size: 60.70653pt x 116.89899pt.


pdfTeX warning: pdflatex.exe (file ./images/glcm3.pdf): PDF inclusion: found PDF version <1.7>, but at most version <1.5> allowed
<images/glcm3.pdf, id=1708, 180.01845pt x 337.69963pt>
File: images/glcm3.pdf Graphic file (type pdf)
<use images/glcm3.pdf>
Package pdftex.def Info: images/glcm3.pdf  used on input line 84.
(pdftex.def)             Requested size: 59.98422pt x 112.52332pt.

Overfull \hbox (20.00003pt too wide) in paragraph at lines 84--84
[][] 
 []


Underfull \hbox (badness 10000) in paragraph at lines 84--84
 
 []

File: images/IITLOGO.png Graphic file (type png)
<use images/IITLOGO.png>
Package pdftex.def Info: images/IITLOGO.png  used on input line 84.
(pdftex.def)             Requested size: 15.23633pt x 17.07182pt.

Overfull \hbox (3.27316pt too wide) has occurred while \output is active
[][]  
 []

[31

 <./images/glcm1.pdf> <./images/glcm2.pdf> <./images/glcm3.pdf>]
File: images/IITLOGO.png Graphic file (type png)
<use images/IITLOGO.png>
Package pdftex.def Info: images/IITLOGO.png  used on input line 108.
(pdftex.def)             Requested size: 15.23633pt x 17.07182pt.

Overfull \hbox (3.27316pt too wide) has occurred while \output is active
[][]  
 []

[32

]
File: images/IITLOGO.png Graphic file (type png)
<use images/IITLOGO.png>
Package pdftex.def Info: images/IITLOGO.png  used on input line 134.
(pdftex.def)             Requested size: 15.23633pt x 17.07182pt.

Overfull \hbox (3.27316pt too wide) has occurred while \output is active
[][]  
 []

[33

]

pdfTeX warning: pdflatex.exe (file ./images/Diagramsdelunay1.pdf): PDF inclusion: found PDF version <1.7>, but at most version <1.5> allowed
<images/Diagramsdelunay1.pdf, id=1907, 452.42735pt x 222.30452pt>
File: images/Diagramsdelunay1.pdf Graphic file (type pdf)
<use images/Diagramsdelunay1.pdf>
Package pdftex.def Info: images/Diagramsdelunay1.pdf  used on input line 155.
(pdftex.def)             Requested size: 166.2212pt x 81.67471pt.


pdfTeX warning: pdflatex.exe (file ./images/Diagramsdelunay2.pdf): PDF inclusion: found PDF version <1.7>, but at most version <1.5> allowed
<images/Diagramsdelunay2.pdf, id=1908, 347.33264pt x 266.74153pt>
File: images/Diagramsdelunay2.pdf Graphic file (type pdf)
<use images/Diagramsdelunay2.pdf>
Package pdftex.def Info: images/Diagramsdelunay2.pdf  used on input line 155.
(pdftex.def)             Requested size: 126.47249pt x 97.12581pt.
File: images/IITLOGO.png Graphic file (type png)
<use images/IITLOGO.png>
Package pdftex.def Info: images/IITLOGO.png  used on input line 155.
(pdftex.def)             Requested size: 15.23633pt x 17.07182pt.

Overfull \hbox (3.27316pt too wide) has occurred while \output is active
[][]  
 []

[34

 <./images/Diagramsdelunay1.pdf> <./images/Diagramsdelunay2.pdf>]
File: images/IITLOGO.png Graphic file (type png)
<use images/IITLOGO.png>
Package pdftex.def Info: images/IITLOGO.png  used on input line 184.
(pdftex.def)             Requested size: 15.23633pt x 17.07182pt.

Overfull \hbox (3.27316pt too wide) has occurred while \output is active
[][]  
 []

[35

]

pdfTeX warning: pdflatex.exe (file ./images/hcbd.pdf): PDF inclusion: found PDF version <1.6>, but at most version <1.5> allowed
<images/hcbd.pdf, id=2076, 461.15709pt x 170.97978pt>
File: images/hcbd.pdf Graphic file (type pdf)
<use images/hcbd.pdf>
Package pdftex.def Info: images/hcbd.pdf  used on input line 200.
(pdftex.def)             Requested size: 289.07999pt x 107.1856pt.

Overfull \hbox (1.79015pt too wide) in paragraph at lines 200--200
 [] 
 []


Overfull \hbox (20.00003pt too wide) in paragraph at lines 200--200
[][] 
 []


Underfull \hbox (badness 10000) in paragraph at lines 200--200
 
 []

File: images/IITLOGO.png Graphic file (type png)
<use images/IITLOGO.png>
Package pdftex.def Info: images/IITLOGO.png  used on input line 200.
(pdftex.def)             Requested size: 15.23633pt x 17.07182pt.

Overfull \hbox (3.27316pt too wide) has occurred while \output is active
[][]  
 []

[36

 <./images/hcbd.pdf>]
File: images/IITLOGO.png Graphic file (type png)
<use images/IITLOGO.png>
Package pdftex.def Info: images/IITLOGO.png  used on input line 230.
(pdftex.def)             Requested size: 15.23633pt x 17.07182pt.

Overfull \hbox (3.27316pt too wide) has occurred while \output is active
[][]  
 []

[37

]

pdfTeX warning: pdflatex.exe (file ./images/gcbd.pdf): PDF inclusion: found PDF version <1.6>, but at most version <1.5> allowed
<images/gcbd.pdf, id=2211, 463.59932pt x 170.49196pt>
File: images/gcbd.pdf Graphic file (type pdf)
<use images/gcbd.pdf>
Package pdftex.def Info: images/gcbd.pdf  used on input line 246.
(pdftex.def)             Requested size: 289.07999pt x 106.31006pt.

Overfull \hbox (1.79015pt too wide) in paragraph at lines 246--246
 [] 
 []


Overfull \hbox (20.00003pt too wide) in paragraph at lines 246--246
[][] 
 []


Underfull \hbox (badness 10000) in paragraph at lines 246--246
 
 []

File: images/IITLOGO.png Graphic file (type png)
<use images/IITLOGO.png>
Package pdftex.def Info: images/IITLOGO.png  used on input line 246.
(pdftex.def)             Requested size: 15.23633pt x 17.07182pt.

Overfull \hbox (3.27316pt too wide) has occurred while \output is active
[][]  
 []

[38

 <./images/gcbd.pdf>]
File: images/IITLOGO.png Graphic file (type png)
<use images/IITLOGO.png>
Package pdftex.def Info: images/IITLOGO.png  used on input line 273.
(pdftex.def)             Requested size: 15.23633pt x 17.07182pt.

Overfull \hbox (3.27316pt too wide) has occurred while \output is active
[][]  
 []

[39

]

pdfTeX warning: pdflatex.exe (file ./images/LTP1.pdf): PDF inclusion: found PDF version <1.7>, but at most version <1.5> allowed
<images/LTP1.pdf, id=2342, 162.20892pt x 117.25908pt>
File: images/LTP1.pdf Graphic file (type pdf)
<use images/LTP1.pdf>
Package pdftex.def Info: images/LTP1.pdf  used on input line 312.
(pdftex.def)             Requested size: 68.65627pt x 49.63136pt.


pdfTeX warning: pdflatex.exe (file ./images/LTP2.pdf): PDF inclusion: found PDF version <1.7>, but at most version <1.5> allowed
<images/LTP2.pdf, id=2343, 167.09427pt x 115.30579pt>
File: images/LTP2.pdf Graphic file (type pdf)
<use images/LTP2.pdf>
Package pdftex.def Info: images/LTP2.pdf  used on input line 312.
(pdftex.def)             Requested size: 72.26999pt x 49.87082pt.


pdfTeX warning: pdflatex.exe (file ./images/LTP3.pdf): PDF inclusion: found PDF version <1.7>, but at most version <1.5> allowed
<images/LTP3.pdf, id=2344, 164.65184pt x 113.83931pt>
File: images/LTP3.pdf Graphic file (type pdf)
<use images/LTP3.pdf>
Package pdftex.def Info: images/LTP3.pdf  used on input line 312.
(pdftex.def)             Requested size: 72.26999pt x 49.96785pt.


pdfTeX warning: pdflatex.exe (file ./images/LTP4.pdf): PDF inclusion: found PDF version <1.7>, but at most version <1.5> allowed
<images/LTP4.pdf, id=2345, 164.65215pt x 113.8403pt>
File: images/LTP4.pdf Graphic file (type pdf)
<use images/LTP4.pdf>
Package pdftex.def Info: images/LTP4.pdf  used on input line 312.
(pdftex.def)             Requested size: 72.26999pt x 49.96828pt.

Overfull \hbox (20.00003pt too wide) in paragraph at lines 312--312
[][] 
 []


Underfull \hbox (badness 10000) in paragraph at lines 312--312
 
 []


Overfull \vbox (0.35124pt too high) detected at line 312
 []

File: images/IITLOGO.png Graphic file (type png)
<use images/IITLOGO.png>
Package pdftex.def Info: images/IITLOGO.png  used on input line 312.
(pdftex.def)             Requested size: 15.23633pt x 17.07182pt.

Overfull \hbox (3.27316pt too wide) has occurred while \output is active
[][]  
 []

[40

 <./images/LTP1.pdf> <./images/LTP2.pdf> <./images/LTP3.pdf> <./images/LTP4.pdf>]
File: images/IITLOGO.png Graphic file (type png)
<use images/IITLOGO.png>
Package pdftex.def Info: images/IITLOGO.png  used on input line 349.
(pdftex.def)             Requested size: 15.23633pt x 17.07182pt.

Overfull \hbox (3.27316pt too wide) has occurred while \output is active
[][]  
 []

[41

]

pdfTeX warning: pdflatex.exe (file ./images/MTP1.pdf): PDF inclusion: found PDF version <1.7>, but at most version <1.5> allowed
<images/MTP1.pdf, id=2497, 166.60643pt x 121.16869pt>
File: images/MTP1.pdf Graphic file (type pdf)
<use images/MTP1.pdf>
Package pdftex.def Info: images/MTP1.pdf  used on input line 380.
(pdftex.def)             Requested size: 68.65627pt x 49.93277pt.


pdfTeX warning: pdflatex.exe (file ./images/MTP2.pdf): PDF inclusion: found PDF version <1.7>, but at most version <1.5> allowed
<images/MTP2.pdf, id=2498, 167.09526pt x 114.32813pt>
File: images/MTP2.pdf Graphic file (type pdf)
<use images/MTP2.pdf>
Package pdftex.def Info: images/MTP2.pdf  used on input line 380.
(pdftex.def)             Requested size: 72.26999pt x 49.44797pt.


pdfTeX warning: pdflatex.exe (file ./images/MTP3.pdf): PDF inclusion: found PDF version <1.7>, but at most version <1.5> allowed
<images/MTP3.pdf, id=2499, 166.11803pt x 113.35149pt>
File: images/MTP3.pdf Graphic file (type pdf)
<use images/MTP3.pdf>
Package pdftex.def Info: images/MTP3.pdf  used on input line 380.
(pdftex.def)             Requested size: 72.26999pt x 49.31267pt.


pdfTeX warning: pdflatex.exe (file ./images/MTP4.pdf): PDF inclusion: found PDF version <1.7>, but at most version <1.5> allowed
<images/MTP4.pdf, id=2500, 166.11761pt x 114.32813pt>
File: images/MTP4.pdf Graphic file (type pdf)
<use images/MTP4.pdf>
Package pdftex.def Info: images/MTP4.pdf  used on input line 380.
(pdftex.def)             Requested size: 72.26999pt x 49.73755pt.

Overfull \hbox (20.00003pt too wide) in paragraph at lines 380--380
[][] 
 []


Underfull \hbox (badness 10000) in paragraph at lines 380--380
 
 []


Overfull \vbox (4.5964pt too high) detected at line 380
 []

File: images/IITLOGO.png Graphic file (type png)
<use images/IITLOGO.png>
Package pdftex.def Info: images/IITLOGO.png  used on input line 380.
(pdftex.def)             Requested size: 15.23633pt x 17.07182pt.

Overfull \hbox (3.27316pt too wide) has occurred while \output is active
[][]  
 []

[42

 <./images/MTP1.pdf> <./images/MTP2.pdf> <./images/MTP3.pdf> <./images/MTP4.pdf>]
File: images/IITLOGO.png Graphic file (type png)
<use images/IITLOGO.png>
Package pdftex.def Info: images/IITLOGO.png  used on input line 408.
(pdftex.def)             Requested size: 15.23633pt x 17.07182pt.

Overfull \hbox (3.27316pt too wide) has occurred while \output is active
[][]  
 []

[43

]
File: images/IITLOGO.png Graphic file (type png)
<use images/IITLOGO.png>
Package pdftex.def Info: images/IITLOGO.png  used on input line 431.
(pdftex.def)             Requested size: 15.23633pt x 17.07182pt.

Overfull \hbox (3.27316pt too wide) has occurred while \output is active
[][]  
 []

[44

]
<images/ga_overview.png, id=2710, 770.88pt x 457.71pt>
File: images/ga_overview.png Graphic file (type png)
<use images/ga_overview.png>
Package pdftex.def Info: images/ga_overview.png  used on input line 448.
(pdftex.def)             Requested size: 252.94499pt x 150.18573pt.

Overfull \hbox (20.00003pt too wide) in paragraph at lines 448--448
[][] 
 []


Underfull \hbox (badness 10000) in paragraph at lines 448--448
 
 []

File: images/IITLOGO.png Graphic file (type png)
<use images/IITLOGO.png>
Package pdftex.def Info: images/IITLOGO.png  used on input line 448.
(pdftex.def)             Requested size: 15.23633pt x 17.07182pt.

Overfull \hbox (3.27316pt too wide) has occurred while \output is active
[][]  
 []

[45

 <./images/ga_overview.png>]
Overfull \hbox (20.00003pt too wide) in paragraph at lines 476--476
[][] 
 []


Underfull \hbox (badness 10000) in paragraph at lines 476--476
 
 []

File: images/IITLOGO.png Graphic file (type png)
<use images/IITLOGO.png>
Package pdftex.def Info: images/IITLOGO.png  used on input line 476.
(pdftex.def)             Requested size: 15.23633pt x 17.07182pt.

Overfull \hbox (3.27316pt too wide) has occurred while \output is active
[][]  
 []

[46

]
File: images/IITLOGO.png Graphic file (type png)
<use images/IITLOGO.png>
Package pdftex.def Info: images/IITLOGO.png  used on input line 508.
(pdftex.def)             Requested size: 15.23633pt x 17.07182pt.

Overfull \hbox (3.27316pt too wide) has occurred while \output is active
[][]  
 []

[47

]
<images/da1.png, id=2884, 651.18282pt x 554.07pt>
File: images/da1.png Graphic file (type png)
<use images/da1.png>
Package pdftex.def Info: images/da1.png  used on input line 541.
(pdftex.def)             Requested size: 86.72377pt x 73.79015pt.
<images/da2.png, id=2885, 554.07pt x 520.94624pt>
File: images/da2.png Graphic file (type png)
<use images/da2.png>
Package pdftex.def Info: images/da2.png  used on input line 541.
(pdftex.def)             Requested size: 79.49744pt x 74.74434pt.
<images/da3.png, id=2886, 531.48563pt x 478.03593pt>
File: images/da3.png Graphic file (type png)
<use images/da3.png>
Package pdftex.def Info: images/da3.png  used on input line 541.
(pdftex.def)             Requested size: 83.11005pt x 74.75128pt.

Overfull \hbox (20.00003pt too wide) in paragraph at lines 541--541
[][] 
 []


Underfull \hbox (badness 10000) in paragraph at lines 541--541
 
 []

File: images/IITLOGO.png Graphic file (type png)
<use images/IITLOGO.png>
Package pdftex.def Info: images/IITLOGO.png  used on input line 541.
(pdftex.def)             Requested size: 15.23633pt x 17.07182pt.

Overfull \hbox (3.27316pt too wide) has occurred while \output is active
[][]  
 []

[48

 <./images/da1.png> <./images/da2.png> <./images/da3.png>]
File: images/IITLOGO.png Graphic file (type png)
<use images/IITLOGO.png>
Package pdftex.def Info: images/IITLOGO.png  used on input line 576.
(pdftex.def)             Requested size: 15.23633pt x 17.07182pt.

Overfull \hbox (3.27316pt too wide) has occurred while \output is active
[][]  
 []

[49

]
File: images/IITLOGO.png Graphic file (type png)
<use images/IITLOGO.png>
Package pdftex.def Info: images/IITLOGO.png  used on input line 599.
(pdftex.def)             Requested size: 15.23633pt x 17.07182pt.

Overfull \hbox (3.27316pt too wide) has occurred while \output is active
[][]  
 []

[50

]
File: images/IITLOGO.png Graphic file (type png)
<use images/IITLOGO.png>
Package pdftex.def Info: images/IITLOGO.png  used on input line 621.
(pdftex.def)             Requested size: 15.23633pt x 17.07182pt.

Overfull \hbox (3.27316pt too wide) has occurred while \output is active
[][]  
 []

[51

]
File: images/IITLOGO.png Graphic file (type png)
<use images/IITLOGO.png>
Package pdftex.def Info: images/IITLOGO.png  used on input line 621.
(pdftex.def)             Requested size: 15.23633pt x 17.07182pt.

Overfull \hbox (3.27316pt too wide) has occurred while \output is active
[][]  
 []

[52

]
File: images/IITLOGO.png Graphic file (type png)
<use images/IITLOGO.png>
Package pdftex.def Info: images/IITLOGO.png  used on input line 621.
(pdftex.def)             Requested size: 15.23633pt x 17.07182pt.

Overfull \hbox (3.27316pt too wide) has occurred while \output is active
[][]  
 []

[53

]
File: images/IITLOGO.png Graphic file (type png)
<use images/IITLOGO.png>
Package pdftex.def Info: images/IITLOGO.png  used on input line 621.
(pdftex.def)             Requested size: 15.23633pt x 17.07182pt.

Overfull \hbox (3.27316pt too wide) has occurred while \output is active
[][]  
 []

[54

]) (./ppt_sections/2_section_page.tex [55

]) (./ppt_sections/7_future_work.tex
File: images/IITLOGO.png Graphic file (type png)
<use images/IITLOGO.png>
Package pdftex.def Info: images/IITLOGO.png  used on input line 18.
(pdftex.def)             Requested size: 15.23633pt x 17.07182pt.

Overfull \hbox (3.27316pt too wide) has occurred while \output is active
[][]  
 []

[56

]
File: images/IITLOGO.png Graphic file (type png)
<use images/IITLOGO.png>
Package pdftex.def Info: images/IITLOGO.png  used on input line 18.
(pdftex.def)             Requested size: 15.23633pt x 17.07182pt.

Overfull \hbox (3.27316pt too wide) has occurred while \output is active
[][]  
 []

[57

]
File: images/IITLOGO.png Graphic file (type png)
<use images/IITLOGO.png>
Package pdftex.def Info: images/IITLOGO.png  used on input line 18.
(pdftex.def)             Requested size: 15.23633pt x 17.07182pt.

Overfull \hbox (3.27316pt too wide) has occurred while \output is active
[][]  
 []

[58

]
File: images/IITLOGO.png Graphic file (type png)
<use images/IITLOGO.png>
Package pdftex.def Info: images/IITLOGO.png  used on input line 18.
(pdftex.def)             Requested size: 15.23633pt x 17.07182pt.

Overfull \hbox (3.27316pt too wide) has occurred while \output is active
[][]  
 []

[59

]
File: images/IITLOGO.png Graphic file (type png)
<use images/IITLOGO.png>
Package pdftex.def Info: images/IITLOGO.png  used on input line 18.
(pdftex.def)             Requested size: 15.23633pt x 17.07182pt.

Overfull \hbox (3.27316pt too wide) has occurred while \output is active
[][]  
 []

[60

]
File: images/IITLOGO.png Graphic file (type png)
<use images/IITLOGO.png>
Package pdftex.def Info: images/IITLOGO.png  used on input line 18.
(pdftex.def)             Requested size: 15.23633pt x 17.07182pt.

Overfull \hbox (3.27316pt too wide) has occurred while \output is active
[][]  
 []

[61

]) (19CS91R05 - Nishkal - Registration Seminar - Presentation/19CS91R05 - Nishkal - Registration Seminar - Presentation.bbl) [62

]
File: images/IITLOGO.png Graphic file (type png)
<use images/IITLOGO.png>
Package pdftex.def Info: images/IITLOGO.png  used on input line 84.
(pdftex.def)             Requested size: 15.23633pt x 17.07182pt.

Overfull \hbox (3.27316pt too wide) has occurred while \output is active
[][]  
 []

[63]
File: images/IITLOGO.png Graphic file (type png)
<use images/IITLOGO.png>
Package pdftex.def Info: images/IITLOGO.png  used on input line 84.
(pdftex.def)             Requested size: 15.23633pt x 17.07182pt.

Overfull \hbox (3.27316pt too wide) has occurred while \output is active
[][]  
 []

[64

]
File: images/IITLOGO.png Graphic file (type png)
<use images/IITLOGO.png>
Package pdftex.def Info: images/IITLOGO.png  used on input line 84.
(pdftex.def)             Requested size: 15.23633pt x 17.07182pt.

Overfull \hbox (3.27316pt too wide) has occurred while \output is active
[][]  
 []

[65

]
File: images/IITLOGO.png Graphic file (type png)
<use images/IITLOGO.png>
Package pdftex.def Info: images/IITLOGO.png  used on input line 84.
(pdftex.def)             Requested size: 15.23633pt x 17.07182pt.

Overfull \hbox (3.27316pt too wide) has occurred while \output is active
[][]  
 []

[66

]
File: images/IITLOGO.png Graphic file (type png)
<use images/IITLOGO.png>
Package pdftex.def Info: images/IITLOGO.png  used on input line 84.
(pdftex.def)             Requested size: 15.23633pt x 17.07182pt.

Overfull \hbox (3.27316pt too wide) has occurred while \output is active
[][]  
 []

[67

]
File: images/IITLOGO.png Graphic file (type png)
<use images/IITLOGO.png>
Package pdftex.def Info: images/IITLOGO.png  used on input line 84.
(pdftex.def)             Requested size: 15.23633pt x 17.07182pt.

Overfull \hbox (3.27316pt too wide) has occurred while \output is active
[][]  
 []

[68

]
File: images/IITLOGO.png Graphic file (type png)
<use images/IITLOGO.png>
Package pdftex.def Info: images/IITLOGO.png  used on input line 94.
(pdftex.def)             Requested size: 15.23633pt x 17.07182pt.

Overfull \hbox (3.27316pt too wide) has occurred while \output is active
[][]  
 []

[69

]
\tf@nav=\write7
\openout7 = `"19CS91R05 - Nishkal - Registration Seminar - Presentation.nav"'.

\tf@toc=\write8
\openout8 = `"19CS91R05 - Nishkal - Registration Seminar - Presentation.toc"'.

\tf@snm=\write9
\openout9 = `"19CS91R05 - Nishkal - Registration Seminar - Presentation.snm"'.

 (19CS91R05 - Nishkal - Registration Seminar - Presentation/19CS91R05 - Nishkal - Registration Seminar - Presentation.aux)
Package rerunfilecheck Info: File `"19CS91R05 - Nishkal - Registration Seminar - Presentation".out' has not changed.
(rerunfilecheck)             Checksum: D41D8CD98F00B204E9800998ECF8427E;0.
 ) 
Here is how much of TeX's memory you used:
 37115 strings out of 478300
 738555 string characters out of 5839608
 1073003 words of memory out of 5000000
 54044 multiletter control sequences out of 15000+600000
 544378 words of font info for 240 fonts, out of 8000000 for 9000
 1141 hyphenation exceptions out of 8191
 142i,19n,136p,1170b,772s stack positions out of 10000i,1000n,20000p,200000b,200000s
{c:/Portable Softwares/texlive/2022/texmf-dist/fonts/enc/dvips/base/8r.enc}<c:/Portable Softwares/texlive/2022/texmf-dist/fonts/type1/public/amsfonts/cm/cmex10.pfb><c:/Portable Softwares/texlive/2022/texmf-dist/fonts/type1/public/amsfonts/cmextra/cmex8.pfb><c:/Portable Softwares/texlive/2022/texmf-dist/fonts/type1/public/amsfonts/cmextra/cmex9.pfb><c:/Portable Softwares/texlive/2022/texmf-dist/fonts/type1/public/amsfonts/cm/cmmi10.pfb><c:/Portable Softwares/texlive/2022/texmf-dist/fonts/type1/public/amsfonts/cm/cmmi5.pfb><c:/Portable Softwares/texlive/2022/texmf-dist/fonts/type1/public/amsfonts/cm/cmmi6.pfb><c:/Portable Softwares/texlive/2022/texmf-dist/fonts/type1/public/amsfonts/cm/cmmi7.pfb><c:/Portable Softwares/texlive/2022/texmf-dist/fonts/type1/public/amsfonts/cm/cmmi8.pfb><c:/Portable Softwares/texlive/2022/texmf-dist/fonts/type1/public/amsfonts/cm/cmmi9.pfb><c:/Portable Softwares/texlive/2022/texmf-dist/fonts/type1/public/amsfonts/cm/cmss10.pfb><c:/Portable Softwares/texlive/2022/texmf-dist/fonts/type1/public/amsfonts/cm/cmss8.pfb><c:/Portable Softwares/texlive/2022/texmf-dist/fonts/type1/public/amsfonts/cm/cmss9.pfb><c:/Portable Softwares/texlive/2022/texmf-dist/fonts/type1/public/amsfonts/cm/cmsy10.pfb><c:/Portable Softwares/texlive/2022/texmf-dist/fonts/type1/public/amsfonts/cm/cmsy6.pfb><c:/Portable Softwares/texlive/2022/texmf-dist/fonts/type1/public/amsfonts/cm/cmsy7.pfb><c:/Portable Softwares/texlive/2022/texmf-dist/fonts/type1/public/amsfonts/cm/cmsy8.pfb><c:/Portable Softwares/texlive/2022/texmf-dist/fonts/type1/public/amsfonts/cm/cmsy9.pfb><c:/Portable Softwares/texlive/2022/texmf-dist/fonts/type1/urw/helvetic/uhvb8a.pfb><c:/Portable Softwares/texlive/2022/texmf-dist/fonts/type1/urw/helvetic/uhvr8a.pfb><c:/Portable Softwares/texlive/2022/texmf-dist/fonts/type1/urw/helvetic/uhvro8a.pfb>
Output written on "19CS91R05 - Nishkal - Registration Seminar - Presentation/19CS91R05 - Nishkal - Registration Seminar - Presentation.pdf" (69 pages, 2989485 bytes).
PDF statistics:
 4209 PDF objects out of 4296 (max. 8388607)
 3886 compressed objects within 39 object streams
 235 named destinations out of 1000 (max. 500000)
 81089 words of extra memory for PDF output out of 89155 (max. 10000000)

