This is pdfTeX, Version 3.141592653-2.6-1.40.24 (MiKTeX 22.10) (preloaded format=pdflatex 2023.1.14)  26 FEB 2023 13:10
entering extended mode
 restricted \write18 enabled.
 %&-line parsing enabled.
**./r.tex
(r.tex
LaTeX2e <2022-06-01> patch level 5
L3 programming layer <2022-09-28>
(C:\Users\User\Desktop\miktex\tex/latex/base\article.cls
Document Class: article 2021/10/04 v1.4n Standard LaTeX document class
(C:\Users\User\Desktop\miktex\tex/latex/base\size10.clo
File: size10.clo 2021/10/04 v1.4n Standard LaTeX file (size option)
)
\c@part=\count185
\c@section=\count186
\c@subsection=\count187
\c@subsubsection=\count188
\c@paragraph=\count189
\c@subparagraph=\count190
\c@figure=\count191
\c@table=\count192
\abovecaptionskip=\skip47
\belowcaptionskip=\skip48
\bibindent=\dimen138
)
(report_sections/1_Packages.tex
(C:\Users\User\Desktop\miktex\tex/latex/graphics\graphicx.sty
Package: graphicx 2021/09/16 v1.2d Enhanced LaTeX Graphics (DPC,SPQR)

(C:\Users\User\Desktop\miktex\tex/latex/graphics\keyval.sty
Package: keyval 2022/05/29 v1.15 key=value parser (DPC)
\KV@toks@=\toks16
)
(C:\Users\User\Desktop\miktex\tex/latex/graphics\graphics.sty
Package: graphics 2022/03/10 v1.4e Standard LaTeX Graphics (DPC,SPQR)

(C:\Users\User\Desktop\miktex\tex/latex/graphics\trig.sty
Package: trig 2021/08/11 v1.11 sin cos tan (DPC)
)
(C:\Users\User\Desktop\miktex\tex/latex/graphics-cfg\graphics.cfg
File: graphics.cfg 2016/06/04 v1.11 sample graphics configuration
)
Package graphics Info: Driver file: pdftex.def on input line 107.

(C:\Users\User\Desktop\miktex\tex/latex/graphics-def\pdftex.def
File: pdftex.def 2022/09/22 v1.2b Graphics/color driver for pdftex
\stockwidth=\dimen139
\stockheight=\dimen140
))
\Gin@req@height=\dimen141
\Gin@req@width=\dimen142
)
(C:\Users\User\Desktop\miktex\tex/latex/amsmath\amsmath.sty
Package: amsmath 2022/04/08 v2.17n AMS math features
\@mathmargin=\skip49

For additional information on amsmath, use the `?' option.
(C:\Users\User\Desktop\miktex\tex/latex/amsmath\amstext.sty
Package: amstext 2021/08/26 v2.01 AMS text

(C:\Users\User\Desktop\miktex\tex/latex/amsmath\amsgen.sty
File: amsgen.sty 1999/11/30 v2.0 generic functions
\@emptytoks=\toks17
\ex@=\dimen143
))
(C:\Users\User\Desktop\miktex\tex/latex/amsmath\amsbsy.sty
Package: amsbsy 1999/11/29 v1.2d Bold Symbols
\pmbraise@=\dimen144
)
(C:\Users\User\Desktop\miktex\tex/latex/amsmath\amsopn.sty
Package: amsopn 2022/04/08 v2.04 operator names
)
\inf@bad=\count193
LaTeX Info: Redefining \frac on input line 234.
\uproot@=\count194
\leftroot@=\count195
LaTeX Info: Redefining \overline on input line 399.
LaTeX Info: Redefining \colon on input line 410.
\classnum@=\count196
\DOTSCASE@=\count197
LaTeX Info: Redefining \ldots on input line 496.
LaTeX Info: Redefining \dots on input line 499.
LaTeX Info: Redefining \cdots on input line 620.
\Mathstrutbox@=\box51
\strutbox@=\box52
LaTeX Info: Redefining \big on input line 722.
LaTeX Info: Redefining \Big on input line 723.
LaTeX Info: Redefining \bigg on input line 724.
LaTeX Info: Redefining \Bigg on input line 725.
\big@size=\dimen145
LaTeX Font Info:    Redeclaring font encoding OML on input line 743.
LaTeX Font Info:    Redeclaring font encoding OMS on input line 744.
\macc@depth=\count198
LaTeX Info: Redefining \bmod on input line 905.
LaTeX Info: Redefining \pmod on input line 910.
LaTeX Info: Redefining \smash on input line 940.
LaTeX Info: Redefining \relbar on input line 970.
LaTeX Info: Redefining \Relbar on input line 971.
\c@MaxMatrixCols=\count199
\dotsspace@=\muskip16
\c@parentequation=\count266
\dspbrk@lvl=\count267
\tag@help=\toks18
\row@=\count268
\column@=\count269
\maxfields@=\count270
\andhelp@=\toks19
\eqnshift@=\dimen146
\alignsep@=\dimen147
\tagshift@=\dimen148
\tagwidth@=\dimen149
\totwidth@=\dimen150
\lineht@=\dimen151
\@envbody=\toks20
\multlinegap=\skip50
\multlinetaggap=\skip51
\mathdisplay@stack=\toks21
LaTeX Info: Redefining \[ on input line 2953.
LaTeX Info: Redefining \] on input line 2954.
)
(C:\Users\User\Desktop\miktex\tex/latex/subfigure\subfigure.sty
Package: subfigure 2002/07/30 v2.1.4 subfigure package
\subfigtopskip=\skip52
\subfigcapskip=\skip53
\subfigcaptopadj=\dimen152
\subfigbottomskip=\skip54
\subfigcapmargin=\dimen153
\subfiglabelskip=\skip55
\c@subfigure=\count271
\c@lofdepth=\count272
\c@subtable=\count273
\c@lotdepth=\count274

****************************************
* Local config file subfigure.cfg used *
****************************************
(C:\Users\User\Desktop\miktex\tex/latex/subfigure\subfigure.cfg)
\subfig@top=\skip56
\subfig@bottom=\skip57
)
(C:\Users\User\Desktop\miktex\tex/latex/tools\multicol.sty
Package: multicol 2021/11/30 v1.9d multicolumn formatting (FMi)
\c@tracingmulticols=\count275
\mult@box=\box53
\multicol@leftmargin=\dimen154
\c@unbalance=\count276
\c@collectmore=\count277
\doublecol@number=\count278
\multicoltolerance=\count279
\multicolpretolerance=\count280
\full@width=\dimen155
\page@free=\dimen156
\premulticols=\dimen157
\postmulticols=\dimen158
\multicolsep=\skip58
\multicolbaselineskip=\skip59
\partial@page=\box54
\last@line=\box55
\maxbalancingoverflow=\dimen159
\mult@rightbox=\box56
\mult@grightbox=\box57
\mult@firstbox=\box58
\mult@gfirstbox=\box59
\@tempa=\box60
\@tempa=\box61
\@tempa=\box62
\@tempa=\box63
\@tempa=\box64
\@tempa=\box65
\@tempa=\box66
\@tempa=\box67
\@tempa=\box68
\@tempa=\box69
\@tempa=\box70
\@tempa=\box71
\@tempa=\box72
\@tempa=\box73
\@tempa=\box74
\@tempa=\box75
\@tempa=\box76
\@tempa=\box77
\@tempa=\box78
\@tempa=\box79
\@tempa=\box80
\@tempa=\box81
\@tempa=\box82
\@tempa=\box83
\@tempa=\box84
\@tempa=\box85
\@tempa=\box86
\@tempa=\box87
\@tempa=\box88
\@tempa=\box89
\@tempa=\box90
\@tempa=\box91
\@tempa=\box92
\@tempa=\box93
\@tempa=\box94
\@tempa=\box95
\c@minrows=\count281
\c@columnbadness=\count282
\c@finalcolumnbadness=\count283
\last@try=\dimen160
\multicolovershoot=\dimen161
\multicolundershoot=\dimen162
\mult@nat@firstbox=\box96
\colbreak@box=\box97
\mc@col@check@num=\count284
)
(C:\Users\User\Desktop\miktex\tex/latex/multirow\multirow.sty
Package: multirow 2021/03/15 v2.8 Span multiple rows of a table
\multirow@colwidth=\skip60
\multirow@cntb=\count285
\multirow@dima=\skip61
\bigstrutjot=\dimen163
)
(C:\Users\User\Desktop\miktex\tex/latex/url\url.sty
\Urlmuskip=\muskip17
Package: url 2013/09/16  ver 3.4  Verb mode for urls, etc.
)
(C:\Users\User\Desktop\miktex\tex/latex/geometry\geometry.sty
Package: geometry 2020/01/02 v5.9 Page Geometry

(C:\Users\User\Desktop\miktex\tex/generic/iftex\ifvtex.sty
Package: ifvtex 2019/10/25 v1.7 ifvtex legacy package. Use iftex instead.

(C:\Users\User\Desktop\miktex\tex/generic/iftex\iftex.sty
Package: iftex 2022/02/03 v1.0f TeX engine tests
))
\Gm@cnth=\count286
\Gm@cntv=\count287
\c@Gm@tempcnt=\count288
\Gm@bindingoffset=\dimen164
\Gm@wd@mp=\dimen165
\Gm@odd@mp=\dimen166
\Gm@even@mp=\dimen167
\Gm@layoutwidth=\dimen168
\Gm@layoutheight=\dimen169
\Gm@layouthoffset=\dimen170
\Gm@layoutvoffset=\dimen171
\Gm@dimlist=\toks22

(C:\Users\User\Desktop\miktex\tex/latex/geometry\geometry.cfg))
(C:\Users\User\Desktop\miktex\tex/generic/babel\babel.sty
Package: babel 2022/10/04 3.81 The Babel package
\babel@savecnt=\count289
\U@D=\dimen172
\l@unhyphenated=\language79

(C:\Users\User\Desktop\miktex\tex/generic/babel\txtbabel.def)
\bbl@readstream=\read2
\bbl@dirlevel=\count290

*************************************
* Local config file bblopts.cfg used
*
(C:\Users\User\Desktop\miktex\tex/latex/arabi\bblopts.cfg
File: bblopts.cfg 2005/09/08 v0.1 add Arabic and Farsi to "declared" options of
 babel
)
(C:\Users\User\Desktop\miktex\tex/latex/babel-english\english.ldf
Language: english 2017/06/06 v3.3r English support from the babel system
Package babel Info: Hyphen rules for 'canadian' set to \l@english
(babel)             (\language0). Reported on input line 102.
Package babel Info: Hyphen rules for 'australian' set to \l@ukenglish
(babel)             (\language73). Reported on input line 105.
Package babel Info: Hyphen rules for 'newzealand' set to \l@ukenglish
(babel)             (\language73). Reported on input line 108.
))
(C:\Users\User\Desktop\miktex\tex/generic/babel/locale/en\babel-english.tex
Package babel Info: Importing font and identification data for english
(babel)             from babel-en.ini. Reported on input line 11.
)
(C:\Users\User\Desktop\miktex\tex/latex/csquotes\csquotes.sty
Package: csquotes 2022-09-14 v5.2n context-sensitive quotations (JAW)

(C:\Users\User\Desktop\miktex\tex/latex/etoolbox\etoolbox.sty
Package: etoolbox 2020/10/05 v2.5k e-TeX tools for LaTeX (JAW)
\etb@tempcnta=\count291
)
\csq@reset=\count292
\csq@gtype=\count293
\csq@glevel=\count294
\csq@qlevel=\count295
\csq@maxlvl=\count296
\csq@tshold=\count297
\csq@ltx@everypar=\toks23

(C:\Users\User\Desktop\miktex\tex/latex/csquotes\csquotes.def
File: csquotes.def 2022-09-14 v5.2n csquotes generic definitions (JAW)
)
Package csquotes Info: Trying to load configuration file 'csquotes.cfg'...
Package csquotes Info: ... configuration file loaded successfully.

(C:\Users\User\Desktop\miktex\tex/latex/csquotes\csquotes.cfg
File: csquotes.cfg 
))
(C:\Users\User\Desktop\miktex\tex/latex/natbib\natbib.sty
Package: natbib 2010/09/13 8.31b (PWD, AO)
\bibhang=\skip62
\bibsep=\skip63
LaTeX Info: Redefining \cite on input line 694.
\c@NAT@ctr=\count298
)
(C:\Users\User\Desktop\miktex\tex/latex/algorithm2e\algorithm2e.sty
Package: algorithm2e 2017/07/18 v5.2 algorithms environments
\c@AlgoLine=\count299

(C:\Users\User\Desktop\miktex\tex/latex/base\ifthen.sty
Package: ifthen 2022/04/13 v1.1d Standard LaTeX ifthen package (DPC)
)
\algocf@hangindent=\skip64

(C:\Users\User\Desktop\miktex\tex/latex/ifoddpage\ifoddpage.sty
Package: ifoddpage 2022/10/18 v1.2 Conditionals for odd/even page detection
\c@checkoddpage=\count300
)
(C:\Users\User\Desktop\miktex\tex/latex/tools\xspace.sty
Package: xspace 2014/10/28 v1.13 Space after command names (DPC,MH)
)
(C:\Users\User\Desktop\miktex\tex/latex/relsize\relsize.sty
Package: relsize 2013/03/29 ver 4.1
)
\skiptotal=\skip65
\skiplinenumber=\skip66
\skiprule=\skip67
\skiphlne=\skip68
\skiptext=\skip69
\skiplength=\skip70
\algomargin=\skip71
\skipalgocfslide=\skip72
\algowidth=\dimen173
\inoutsize=\dimen174
\inoutindent=\dimen175
\interspacetitleruled=\dimen176
\interspacealgoruled=\dimen177
\interspacetitleboxruled=\dimen178
\algocf@ruledwidth=\skip73
\algocf@inoutbox=\box98
\algocf@inputbox=\box99
\AlCapSkip=\skip74
\AlCapHSkip=\skip75
\algoskipindent=\skip76
\algocf@nlbox=\box100
\algocf@hangingbox=\box101
\algocf@untilbox=\box102
\algocf@skipuntil=\skip77
\algocf@capbox=\box103
\algocf@lcaptionbox=\skip78
\algoheightruledefault=\skip79
\algoheightrule=\skip80
\algotitleheightruledefault=\skip81
\algotitleheightrule=\skip82
\c@algocfline=\count301
\c@algocfproc=\count302
\c@algocf=\count303
\algocf@algoframe=\box104
\algocf@algobox=\box105
)
(C:\Users\User\Desktop\miktex\tex/latex/float\float.sty
Package: float 2001/11/08 v1.3d Float enhancements (AL)
\c@float@type=\count304
\float@exts=\toks24
\float@box=\box106
\@float@everytoks=\toks25
\@floatcapt=\box107
)
(C:\Users\User\Desktop\miktex\tex/latex/graphics\rotating.sty
Package: rotating 2016/08/11 v2.16d rotated objects in LaTeX
\c@r@tfl@t=\count305
\rotFPtop=\skip83
\rotFPbot=\skip84
\rot@float@box=\box108
\rot@mess@toks=\toks26
)
(C:\Users\User\Desktop\miktex\tex/latex/titlesec\titlesec.sty
Package: titlesec 2021/07/05 v2.14 Sectioning titles
\ttl@box=\box109
\beforetitleunit=\skip85
\aftertitleunit=\skip86
\ttl@plus=\dimen179
\ttl@minus=\dimen180
\ttl@toksa=\toks27
\titlewidth=\dimen181
\titlewidthlast=\dimen182
\titlewidthfirst=\dimen183
))
Package csquotes Info: Checking for multilingual support...
Package csquotes Info: ... found 'babel' package.
Package csquotes Info: Adjusting default style.
Package csquotes Info: Redefining alias 'default' -> 'english'.

(C:\Users\User\Desktop\miktex\tex/latex/l3backend\l3backend-pdftex.def
File: l3backend-pdftex.def 2022-09-28 L3 backend support: PDF output (pdfTeX)
\l__color_backend_stack_int=\count306
\l__pdf_internal_box=\box110
)

LaTeX Warning: Unused global option(s):
    [times].

(r.aux)
\openout1 = `r.aux'.

LaTeX Font Info:    Checking defaults for OML/cmm/m/it on input line 13.
LaTeX Font Info:    ... okay on input line 13.
LaTeX Font Info:    Checking defaults for OMS/cmsy/m/n on input line 13.
LaTeX Font Info:    ... okay on input line 13.
LaTeX Font Info:    Checking defaults for OT1/cmr/m/n on input line 13.
LaTeX Font Info:    ... okay on input line 13.
LaTeX Font Info:    Checking defaults for T1/cmr/m/n on input line 13.
LaTeX Font Info:    ... okay on input line 13.
LaTeX Font Info:    Checking defaults for TS1/cmr/m/n on input line 13.
LaTeX Font Info:    ... okay on input line 13.
LaTeX Font Info:    Checking defaults for OMX/cmex/m/n on input line 13.
LaTeX Font Info:    ... okay on input line 13.
LaTeX Font Info:    Checking defaults for U/cmr/m/n on input line 13.
LaTeX Font Info:    ... okay on input line 13.
 (C:\Users\User\Desktop\miktex\tex/context/base/mkii\supp-pdf.mkii
[Loading MPS to PDF converter (version 2006.09.02).]
\scratchcounter=\count307
\scratchdimen=\dimen184
\scratchbox=\box111
\nofMPsegments=\count308
\nofMParguments=\count309
\everyMPshowfont=\toks28
\MPscratchCnt=\count310
\MPscratchDim=\dimen185
\MPnumerator=\count311
\makeMPintoPDFobject=\count312
\everyMPtoPDFconversion=\toks29
) (C:\Users\User\Desktop\miktex\tex/latex/epstopdf-pkg\epstopdf-base.sty
Package: epstopdf-base 2020-01-24 v2.11 Base part for package epstopdf
Package epstopdf-base Info: Redefining graphics rule for `.eps' on input line 4
85.

(C:\Users\User\Desktop\miktex\tex/latex/00miktex\epstopdf-sys.cfg
File: epstopdf-sys.cfg 2021/03/18 v2.0 Configuration of epstopdf for MiKTeX
))
*geometry* driver: auto-detecting
*geometry* detected driver: pdftex
*geometry* verbose mode - [ preamble ] result:
* driver: pdftex
* paper: a4paper
* layout: <same size as paper>
* layoutoffset:(h,v)=(0.0pt,0.0pt)
* modes: 
* h-part:(L,W,R)=(72.26999pt, 452.9679pt, 72.26999pt)
* v-part:(T,H,B)=(72.26999pt, 700.50687pt, 72.26999pt)
* \paperwidth=597.50787pt
* \paperheight=845.04684pt
* \textwidth=452.9679pt
* \textheight=700.50687pt
* \oddsidemargin=0.0pt
* \evensidemargin=0.0pt
* \topmargin=-37.0pt
* \headheight=12.0pt
* \headsep=25.0pt
* \topskip=10.0pt
* \footskip=30.0pt
* \marginparwidth=57.0pt
* \marginparsep=11.0pt
* \columnsep=10.0pt
* \skip\footins=9.0pt plus 4.0pt minus 2.0pt
* \hoffset=0.0pt
* \voffset=0.0pt
* \mag=1000
* \@twocolumnfalse
* \@twosidefalse
* \@mparswitchfalse
* \@reversemarginfalse
* (1in=72.27pt=25.4mm, 1cm=28.453pt)

(report_sections/2_Title_page.tex
<images//IITLOGO.png, id=1, 1204.5pt x 1348.03625pt>
File: images//IITLOGO.png Graphic file (type png)
<use images//IITLOGO.png>
Package pdftex.def Info: images//IITLOGO.png  used on input line 29.
(pdftex.def)             Requested size: 132.4954pt x 148.28444pt.
 [1

{C:/Users/User/AppData/Local/MiKTeX/fonts/map/pdftex/pdftex.map} <./images//IIT
LOGO.png>]) (r.toc)
\tf@toc=\write3
\openout3 = `r.toc'.

 [2]
(report_sections/3_Introduction.tex

Package natbib Warning: Citation `Jain2004' on page 1 undefined on input line 1
4.


Package natbib Warning: Citation `Jain2004' on page 1 undefined on input line 1
6.

<images/Examples of biometric characteristics.png, id=16, 804.00375pt x 526.968
75pt>
File: images/Examples of biometric characteristics.png Graphic file (type png)
<use images/Examples of biometric characteristics.png>
Package pdftex.def Info: images/Examples of biometric characteristics.png  used
 on input line 19.
(pdftex.def)             Requested size: 203.83417pt x 133.5993pt.

Package natbib Warning: Citation `Maltoni2003' on page 1 undefined on input lin
e 80.

<images/Block diagram of a generic biometric system.png, id=17, 529.0164pt x 33
2.2011pt>
File: images/Block diagram of a generic biometric system.png Graphic file (type
 png)
<use images/Block diagram of a generic biometric system.png>
Package pdftex.def Info: images/Block diagram of a generic biometric system.png
  used on input line 102.
(pdftex.def)             Requested size: 249.13371pt x 156.4488pt.

Package natbib Warning: Citation `Leniski2003' on page 1 undefined on input lin
e 103.


Package natbib Warning: Citation `Jain2002' on page 1 undefined on input line 1
09.


Package natbib Warning: Citation `Kong2006' on page 1 undefined on input line 1
09.


Package natbib Warning: Citation `Phillips2011' on page 1 undefined on input li
ne 109.


Package natbib Warning: Citation `Sun2010' on page 1 undefined on input line 10
9.


Package natbib Warning: Citation `Wildes1997' on page 1 undefined on input line
 109.

[1 <./images/Examples of biometric characteristics.png>]

Package natbib Warning: Citation `garcia2008database' on page 2 undefined on in
put line 117.



pdfTeX warning: pdflatex.exe (file ./images/Classification of database indexing
.pdf): PDF inclusion: found PDF version <1.7>, but at most version <1.5> allowe
d
<images/Classification of database indexing.pdf, id=23, 963.6pt x 542.025pt>
File: images/Classification of database indexing.pdf Graphic file (type pdf)
<use images/Classification of database indexing.pdf>
Package pdftex.def Info: images/Classification of database indexing.pdf  used o
n input line 146.
(pdftex.def)             Requested size: 249.13371pt x 140.13747pt.

Package natbib Warning: Citation `garcia2008database' on page 2 undefined on in
put line 147.

[2 <./images/Block diagram of a generic biometric system.png (PNG copy)>])
(report_sections/4_Literature_Survey.tex

Package natbib Warning: Citation `cappelli2011index' on page 3 undefined on inp
ut line 26.


Package natbib Warning: Citation `lumini1997continuous' on page 3 undefined on 
input line 29.


Package natbib Warning: Citation `schaler2013queval' on page 3 undefined on inp
ut line 29.


Package natbib Warning: Citation `aggarwal2014data' on page 3 undefined on inpu
t line 29.


Package natbib Warning: Citation `gu2013improved' on page 3 undefined on input 
line 29.


Package natbib Warning: Citation `Galar2015' on page 3 undefined on input line 
29.


Package natbib Warning: Citation `Germain1997' on page 3 undefined on input lin
e 32.


Package natbib Warning: Citation `Bhanu2003' on page 3 undefined on input line 
37.

[3 <./images/Classification of database indexing.pdf>]

Package natbib Warning: Citation `henry1922classification' on page 4 undefined 
on input line 44.


Package natbib Warning: Citation `park2005' on page 4 undefined on input line 4
5.


Package natbib Warning: Citation `bently1975' on page 4 undefined on input line
 49.


Package natbib Warning: Citation `vandana2008' on page 4 undefined on input lin
e 50.


Package natbib Warning: Citation `Otair2013' on page 4 undefined on input line 
53.


Package natbib Warning: Citation `Kriegel1990' on page 4 undefined on input lin
e 55.


Package natbib Warning: Citation `Jiang2006' on page 4 undefined on input line 
59.


Package natbib Warning: Citation `liu2012' on page 4 undefined on input line 59
.


Package natbib Warning: Citation `Li2014' on page 4 undefined on input line 59.



Package natbib Warning: Citation `Jiang2006' on page 4 undefined on input line 
60.


Package natbib Warning: Citation `liu2012' on page 4 undefined on input line 64
.


Package natbib Warning: Citation `Li2014' on page 4 undefined on input line 70.



Package natbib Warning: Citation `Ferreira2015' on page 4 undefined on input li
ne 78.


Package natbib Warning: Citation `Cappelli2011' on page 4 undefined on input li
ne 82.


Package natbib Warning: Citation `Cappelli2012' on page 4 undefined on input li
ne 82.


Package natbib Warning: Citation `Jayaraman2014' on page 4 undefined on input l
ine 89.


Package natbib Warning: Citation `Mukherjee2008iris' on page 4 undefined on inp
ut line 96.


Package natbib Warning: Citation `Puhan2008iris' on page 4 undefined on input l
ine 98.


Package natbib Warning: Citation `Sun2014iris' on page 4 undefined on input lin
e 103.


Package natbib Warning: Citation `Mehrotra2010iris' on page 4 undefined on inpu
t line 111.


Package natbib Warning: Citation `Mehrotra2013iris' on page 4 undefined on inpu
t line 114.


Package natbib Warning: Citation `Jayaraman2012iris' on page 4 undefined on inp
ut line 116.


Package natbib Warning: Citation `Barbu2015iris' on page 4 undefined on input l
ine 117.


Package natbib Warning: Citation `Rathgeb2010iris' on page 4 undefined on input
 line 119.


Package natbib Warning: Citation `Dey2012gabor' on page 4 undefined on input li
ne 123.


Package natbib Warning: Citation `hugo2013iris' on page 4 undefined on input li
ne 126.


Package natbib Warning: Citation `hugo2010iris' on page 4 undefined on input li
ne 127.

[4]

Package natbib Warning: Citation `Gadde2010iris' on page 5 undefined on input l
ine 130.


Package natbib Warning: Citation `Burrows1994ablock' on page 5 undefined on inp
ut line 131.


Package natbib Warning: Citation `Rathgeb2015iris' on page 5 undefined on input
 line 133.


Package natbib Warning: Citation `Drozdowski2018iris' on page 5 undefined on in
put line 136.


Package natbib Warning: Citation `Rathgeb2015iris' on page 5 undefined on input
 line 136.


Package natbib Warning: Citation `Damer2017iris' on page 5 undefined on input l
ine 138.


Package natbib Warning: Citation `Khalaf2018iris' on page 5 undefined on input 
line 139.


Package natbib Warning: Citation `khalaf2018efficient' on page 5 undefined on i
nput line 139.


Package natbib Warning: Citation `Sarier2018multi' on page 5 undefined on input
 line 147.


Package natbib Warning: Citation `Haghighat2016multi' on page 5 undefined on in
put line 151.


Package natbib Warning: Citation `Gyaourova2012multi' on page 5 undefined on in
put line 153.


Package natbib Warning: Citation `Prabhu2015multi' on page 5 undefined on input
 line 161.


Package natbib Warning: Citation `Bahrampour2016multi' on page 5 undefined on i
nput line 164.


Package natbib Warning: Citation `Goswami2016multi' on page 5 undefined on inpu
t line 168.


Package natbib Warning: Citation `Wang2012multi' on page 5 undefined on input l
ine 177.


Package natbib Warning: Citation `Wang2016multi' on page 5 undefined on input l
ine 177.


Package natbib Warning: Citation `Kaushik2013multi' on page 5 undefined on inpu
t line 179.


Package natbib Warning: Citation `Wang2016multi' on page 5 undefined on input l
ine 181.

) (report_sections/5_Scope_of_work.tex [5]

Package natbib Warning: Citation `uidai' on page 6 undefined on input line 20.



pdfTeX warning: pdflatex.exe (file ./images/steps_in_identification_with_indexi
ng.drawio.pdf): PDF inclusion: found PDF version <1.7>, but at most version <1.
5> allowed
<images/steps_in_identification_with_indexing.drawio.pdf, id=47, 551.1792pt x 1
83.8067pt>
File: images/steps_in_identification_with_indexing.drawio.pdf Graphic file (typ
e pdf)
<use images/steps_in_identification_with_indexing.drawio.pdf>
Package pdftex.def Info: images/steps_in_identification_with_indexing.drawio.pd
f  used on input line 28.
(pdftex.def)             Requested size: 385.02547pt x 128.40016pt.

Package natbib Warning: Citation `Kavati2017' on page 6 undefined on input line
 37.


Package natbib Warning: Citation `Bhanu2003' on page 6 undefined on input line 
38.


Package natbib Warning: Citation `Germain1997' on page 6 undefined on input lin
e 40.

[6 <./images/steps_in_identification_with_indexing.drawio.pdf>])
(report_sections/6_Work_Done.tex

Package natbib Warning: Citation `maio2002fvc2002' on page 7 undefined on input
 line 22.


Package natbib Warning: Citation `maio2004fvc2004' on page 7 undefined on input
 line 22.


Package natbib Warning: Citation `polyu2016database' on page 7 undefined on inp
ut line 22.


Package natbib Warning: Citation `pareschi2012statistical' on page 7 undefined 
on input line 24.


Package natbib Warning: Citation `marsaglia1998diehard' on page 7 undefined on 
input line 25.



pdfTeX warning: pdflatex.exe (file ./images//blockdiagram.pdf): PDF inclusion: 
found PDF version <1.7>, but at most version <1.5> allowed
<images//blockdiagram.pdf, id=64, 715.80914pt x 466.10817pt>
File: images//blockdiagram.pdf Graphic file (type pdf)
<use images//blockdiagram.pdf>
Package pdftex.def Info: images//blockdiagram.pdf  used on input line 61.
(pdftex.def)             Requested size: 180.67499pt x 117.65048pt.
[7]

Package natbib Warning: Citation `thai2016filter' on page 8 undefined on input 
line 79.


Package natbib Warning: Citation `Faguletal' on page 8 undefined on input line 
82.


Package natbib Warning: Citation `ding2017combining' on page 8 undefined on inp
ut line 84.



pdfTeX warning: pdflatex.exe (file ./images/pre-proc_1.pdf): PDF inclusion: fou
nd PDF version <1.6>, but at most version <1.5> allowed
<images/pre-proc_1.pdf, id=68, 297.11pt x 562.1pt>
File: images/pre-proc_1.pdf Graphic file (type pdf)
<use images/pre-proc_1.pdf>
Package pdftex.def Info: images/pre-proc_1.pdf  used on input line 92.
(pdftex.def)             Requested size: 36.135pt x 68.35825pt.

Underfull \hbox (badness 10000) in paragraph at lines 92--92
[]\OT1/cmr/m/n/8 (a) Orig-
 []


Underfull \hbox (badness 10000) in paragraph at lines 92--92
\OT1/cmr/m/n/8 i-nal
 []


Underfull \hbox (badness 10000) in paragraph at lines 92--92
\OT1/cmr/m/n/8 fin-ger-print
 []



pdfTeX warning: pdflatex.exe (file ./images/pre-proc_2_rotated.pdf): PDF inclus
ion: found PDF version <1.6>, but at most version <1.5> allowed
<images/pre-proc_2_rotated.pdf, id=69, 297.11pt x 562.1pt>
File: images/pre-proc_2_rotated.pdf Graphic file (type pdf)
<use images/pre-proc_2_rotated.pdf>
Package pdftex.def Info: images/pre-proc_2_rotated.pdf  used on input line 94.
(pdftex.def)             Requested size: 36.135pt x 68.35825pt.

Underfull \hbox (badness 10000) in paragraph at lines 94--94
[]\OT1/cmr/m/n/8 (b) Ver-
 []


Underfull \hbox (badness 10000) in paragraph at lines 94--94
\OT1/cmr/m/n/8 ti-cally
 []


Underfull \hbox (badness 10000) in paragraph at lines 94--94
\OT1/cmr/m/n/8 aligned
 []



pdfTeX warning: pdflatex.exe (file ./images/pre-proc_3_enhanced.pdf): PDF inclu
sion: found PDF version <1.6>, but at most version <1.5> allowed
<images/pre-proc_3_enhanced.pdf, id=70, 297.11pt x 562.1pt>
File: images/pre-proc_3_enhanced.pdf Graphic file (type pdf)
<use images/pre-proc_3_enhanced.pdf>
Package pdftex.def Info: images/pre-proc_3_enhanced.pdf  used on input line 96.

(pdftex.def)             Requested size: 36.135pt x 68.35825pt.

Underfull \hbox (badness 10000) in paragraph at lines 96--96
[]\OT1/cmr/m/n/8 (c) En-
 []


Underfull \hbox (badness 10000) in paragraph at lines 96--96
\OT1/cmr/m/n/8 hanced
 []


Package natbib Warning: Citation `garg2020novel' on page 8 undefined on input l
ine 106.


Package natbib Warning: Citation `garg2020novel' on page 8 undefined on input l
ine 111.



pdfTeX warning: pdflatex.exe (file ./images/glcm_2.pdf): PDF inclusion: found P
DF version <1.6>, but at most version <1.5> allowed
<images/glcm_2.pdf, id=71, 286.08882pt x 110.22179pt>
File: images/glcm_2.pdf Graphic file (type pdf)
<use images/glcm_2.pdf>
Package pdftex.def Info: images/glcm_2.pdf  used on input line 119.
(pdftex.def)             Requested size: 144.54pt x 55.6876pt.


pdfTeX warning: pdflatex.exe (file ./images/glcm_3_final.pdf): PDF inclusion: f
ound PDF version <1.6>, but at most version <1.5> allowed
<images/glcm_3_final.pdf, id=72, 287.29332pt x 107.81279pt>
File: images/glcm_3_final.pdf Graphic file (type pdf)
<use images/glcm_3_final.pdf>
Package pdftex.def Info: images/glcm_3_final.pdf  used on input line 124.
(pdftex.def)             Requested size: 144.54pt x 54.2435pt.


pdfTeX warning: pdflatex.exe (file ./images/glcm_1.pdf): PDF inclusion: found P
DF version <1.7>, but at most version <1.5> allowed
<images/glcm_1.pdf, id=73, 190.9821pt x 173.13783pt>
File: images/glcm_1.pdf Graphic file (type pdf)
<use images/glcm_1.pdf>
Package pdftex.def Info: images/glcm_1.pdf  used on input line 129.
(pdftex.def)             Requested size: 50.58878pt x 45.86017pt.

Underfull \hbox (badness 10000) in paragraph at lines 129--129
[]\OT1/cmr/m/n/8 (c) GLCM
 []


Underfull \hbox (badness 3343) in paragraph at lines 129--129
\OT1/cmr/m/n/8 ma-trix cal-cu-
 []


Underfull \hbox (badness 10000) in paragraph at lines 129--129
\OT1/cmr/m/n/8 la-tion along
 []


Underfull \hbox (badness 10000) in paragraph at lines 129--129
\OT1/cmr/m/n/8 with off-set
 []

[8 <./images//blockdiagram.pdf> <./images/pre-proc_1.pdf> <./images/pre-proc_2_
rotated.pdf> <./images/pre-proc_3_enhanced.pdf>]
Underfull \hbox (badness 10000) in paragraph at lines 157--160

 []



pdfTeX warning: pdflatex.exe (file ./images/glcm1.pdf): PDF inclusion: found PD
F version <1.7>, but at most version <1.5> allowed
<images/glcm1.pdf, id=113, 185.27438pt x 342.29881pt>
File: images/glcm1.pdf Graphic file (type pdf)
<use images/glcm1.pdf>
Package pdftex.def Info: images/glcm1.pdf  used on input line 209.
(pdftex.def)             Requested size: 41.19443pt x 76.10509pt.

Underfull \hbox (badness 10000) in paragraph at lines 209--209
[]\OT1/cmr/m/n/8 (a) Orig-i-
 []


Underfull \hbox (badness 6016) in paragraph at lines 209--209
\OT1/cmr/m/n/8 nal ROI $\OML/cmm/m/it/8 r$
 []


Underfull \hbox (badness 2142) in paragraph at lines 209--209
\OT1/cmr/m/n/8 around cen-
 []



pdfTeX warning: pdflatex.exe (file ./images/glcm2.pdf): PDF inclusion: found PD
F version <1.7>, but at most version <1.5> allowed
<images/glcm2.pdf, id=114, 176.73328pt x 340.32745pt>
File: images/glcm2.pdf Graphic file (type pdf)
<use images/glcm2.pdf>
Package pdftex.def Info: images/glcm2.pdf  used on input line 211.
(pdftex.def)             Requested size: 39.74872pt x 76.5392pt.

Underfull \hbox (badness 10000) in paragraph at lines 211--211
[]\OT1/cmr/m/n/8 (b) Scaled
 []



pdfTeX warning: pdflatex.exe (file ./images/glcm3.pdf): PDF inclusion: found PD
F version <1.7>, but at most version <1.5> allowed
<images/glcm3.pdf, id=115, 180.01845pt x 337.69963pt>
File: images/glcm3.pdf Graphic file (type pdf)
<use images/glcm3.pdf>
Package pdftex.def Info: images/glcm3.pdf  used on input line 213.
(pdftex.def)             Requested size: 39.02531pt x 73.20688pt.

Underfull \hbox (badness 1325) in paragraph at lines 213--213
[]\OT1/cmr/m/n/8 (c) Con-sis-
 []


Package natbib Warning: Citation `liu2017feature' on page 9 undefined on input 
line 224.

[9 <./images/glcm_2.pdf> <./images/glcm_3_final.pdf> <./images/glcm_1.pdf>]

Package natbib Warning: Citation `liu2017feature' on page 10 undefined on input
 line 242.


Package natbib Warning: Citation `liu2017feature' on page 10 undefined on input
 line 243.


Package natbib Warning: Citation `lee1980two' on page 10 undefined on input lin
e 244.


Package natbib Warning: Citation `lee1980two' on page 10 undefined on input lin
e 245.



pdfTeX warning: pdflatex.exe (file ./images/Diagramsdelunay1.pdf): PDF inclusio
n: found PDF version <1.7>, but at most version <1.5> allowed
<images/Diagramsdelunay1.pdf, id=135, 452.42735pt x 222.30452pt>
File: images/Diagramsdelunay1.pdf Graphic file (type pdf)
<use images/Diagramsdelunay1.pdf>
Package pdftex.def Info: images/Diagramsdelunay1.pdf  used on input line 320.
(pdftex.def)             Requested size: 202.35622pt x 99.42891pt.


pdfTeX warning: pdflatex.exe (file ./images/Diagramsdelunay2.pdf): PDF inclusio
n: found PDF version <1.7>, but at most version <1.5> allowed
<images/Diagramsdelunay2.pdf, id=136, 347.33264pt x 266.74153pt>
File: images/Diagramsdelunay2.pdf Graphic file (type pdf)
<use images/Diagramsdelunay2.pdf>
Package pdftex.def Info: images/Diagramsdelunay2.pdf  used on input line 323.
(pdftex.def)             Requested size: 144.54pt x 111.00093pt.

Package natbib Warning: Citation `li2019learning' on page 10 undefined on input
 line 335.


Package natbib Warning: Citation `Ebrahim2009hcbd' on page 10 undefined on inpu
t line 336.


Package natbib Warning: Citation `Zhao2008gcbd' on page 10 undefined on input l
ine 337.


Package natbib Warning: Citation `tan2010enhanced' on page 10 undefined on inpu
t line 337.


Package natbib Warning: Citation `bashar2014robust' on page 10 undefined on inp
ut line 338.

[10 <./images/glcm1.pdf> <./images/glcm2.pdf> <./images/glcm3.pdf> <./images/Di
agramsdelunay1.pdf> <./images/Diagramsdelunay2.pdf>]

pdfTeX warning: pdflatex.exe (file ./images/hcbd.pdf): PDF inclusion: found PDF
 version <1.6>, but at most version <1.5> allowed
<images/hcbd.pdf, id=190, 461.15709pt x 170.97978pt>
File: images/hcbd.pdf Graphic file (type pdf)
<use images/hcbd.pdf>
Package pdftex.def Info: images/hcbd.pdf  used on input line 380.
(pdftex.def)             Requested size: 144.54pt x 53.59018pt.
[11]

pdfTeX warning: pdflatex.exe (file ./images/gcbd.pdf): PDF inclusion: found PDF
 version <1.6>, but at most version <1.5> allowed
<images/gcbd.pdf, id=197, 463.59932pt x 170.49196pt>
File: images/gcbd.pdf Graphic file (type pdf)
<use images/gcbd.pdf>
Package pdftex.def Info: images/gcbd.pdf  used on input line 414.
(pdftex.def)             Requested size: 144.54pt x 53.15372pt.

Package natbib Warning: Citation `tan2010enhanced' on page 12 undefined on inpu
t line 420.


Underfull \hbox (badness 10000) in paragraph at lines 443--446

 []



pdfTeX warning: pdflatex.exe (file ./images/LTP1.pdf): PDF inclusion: found PDF
 version <1.7>, but at most version <1.5> allowed
<images/LTP1.pdf, id=198, 162.20892pt x 117.25908pt>
File: images/LTP1.pdf Graphic file (type pdf)
<use images/LTP1.pdf>
Package pdftex.def Info: images/LTP1.pdf  used on input line 452.
(pdftex.def)             Requested size: 72.26999pt x 52.24362pt.

Underfull \hbox (badness 10000) in paragraph at lines 452--452
[]\OT1/cmr/m/n/8 (a) Orginal im-age
 []



pdfTeX warning: pdflatex.exe (file ./images/LTP2.pdf): PDF inclusion: found PDF
 version <1.7>, but at most version <1.5> allowed
<images/LTP2.pdf, id=199, 167.09427pt x 115.30579pt>
File: images/LTP2.pdf Graphic file (type pdf)
<use images/LTP2.pdf>
Package pdftex.def Info: images/LTP2.pdf  used on input line 455.
(pdftex.def)             Requested size: 72.26999pt x 49.87082pt.

Underfull \hbox (badness 10000) in paragraph at lines 455--455
[]\OT1/cmr/m/n/8 (b) LTP code
 []


Underfull \hbox (badness 10000) in paragraph at lines 455--455
\OT1/cmr/m/n/8 1011(\OMS/cmsy/m/n/8 ^^@\OT1/cmr/m/n/8 1)(\OMS/cmsy/m/n/8 ^^@\OT
1/cmr/m/n/8 1)0(\OMS/cmsy/m/n/8 ^^@\OT1/cmr/m/n/8 1)$
 []


Underfull \hbox (badness 10000) in paragraph at lines 455--455
\OT1/cmr/m/n/8 with cen-ter pixel
 []



pdfTeX warning: pdflatex.exe (file ./images/LTP3.pdf): PDF inclusion: found PDF
 version <1.7>, but at most version <1.5> allowed
<images/LTP3.pdf, id=200, 164.65184pt x 113.83931pt>
File: images/LTP3.pdf Graphic file (type pdf)
<use images/LTP3.pdf>
Package pdftex.def Info: images/LTP3.pdf  used on input line 459.
(pdftex.def)             Requested size: 72.26999pt x 49.96785pt.

Underfull \hbox (badness 10000) in paragraph at lines 459--459
[]\OT1/cmr/m/n/8 (c) $\OML/cmm/m/it/8 LTP[]$ \OT1/cmr/m/n/8 code
 []



pdfTeX warning: pdflatex.exe (file ./images/LTP4.pdf): PDF inclusion: found PDF
 version <1.7>, but at most version <1.5> allowed
<images/LTP4.pdf, id=201, 164.65215pt x 113.8403pt>
File: images/LTP4.pdf Graphic file (type pdf)
<use images/LTP4.pdf>
Package pdftex.def Info: images/LTP4.pdf  used on input line 462.
(pdftex.def)             Requested size: 72.26999pt x 49.96828pt.

Underfull \hbox (badness 10000) in paragraph at lines 462--462
[]\OT1/cmr/m/n/8 (d) $\OML/cmm/m/it/8 LTP[]$ \OT1/cmr/m/n/8 code
 []


Package natbib Warning: Citation `bashar2014robust' on page 12 undefined on inp
ut line 471.

[12 <./images/hcbd.pdf> <./images/gcbd.pdf> <./images/LTP1.pdf> <./images/LTP2.
pdf> <./images/LTP3.pdf> <./images/LTP4.pdf>]

pdfTeX warning: pdflatex.exe (file ./images/MTP1.pdf): PDF inclusion: found PDF
 version <1.7>, but at most version <1.5> allowed
<images/MTP1.pdf, id=270, 166.60643pt x 121.16869pt>
File: images/MTP1.pdf Graphic file (type pdf)
<use images/MTP1.pdf>
Package pdftex.def Info: images/MTP1.pdf  used on input line 512.
(pdftex.def)             Requested size: 72.26999pt x 52.56003pt.

Underfull \hbox (badness 10000) in paragraph at lines 512--512
[]\OT1/cmr/m/n/8 (a) Orginal im-age
 []



pdfTeX warning: pdflatex.exe (file ./images/MTP2.pdf): PDF inclusion: found PDF
 version <1.7>, but at most version <1.5> allowed
<images/MTP2.pdf, id=271, 167.09526pt x 114.32813pt>
File: images/MTP2.pdf Graphic file (type pdf)
<use images/MTP2.pdf>
Package pdftex.def Info: images/MTP2.pdf  used on input line 515.
(pdftex.def)             Requested size: 72.26999pt x 49.44797pt.

Underfull \hbox (badness 10000) in paragraph at lines 515--515
[]\OT1/cmr/m/n/8 (b) MTP code
 []


Underfull \hbox (badness 10000) in paragraph at lines 515--515
\OT1/cmr/m/n/8 me-dian $86$ and
 []



pdfTeX warning: pdflatex.exe (file ./images/MTP3.pdf): PDF inclusion: found PDF
 version <1.7>, but at most version <1.5> allowed
<images/MTP3.pdf, id=272, 166.11803pt x 113.35149pt>
File: images/MTP3.pdf Graphic file (type pdf)
<use images/MTP3.pdf>
Package pdftex.def Info: images/MTP3.pdf  used on input line 518.
(pdftex.def)             Requested size: 72.26999pt x 49.31267pt.

Underfull \hbox (badness 10000) in paragraph at lines 518--518
[]\OT1/cmr/m/n/8 (c) $\OML/cmm/m/it/8 MTP[]$ \OT1/cmr/m/n/8 code
 []


Underfull \hbox (badness 1466) in paragraph at lines 518--518
\OT1/cmr/m/n/8 0010000$ and $\OML/cmm/m/it/8 I[]$ \OT1/cmr/m/n/8 is
 []



pdfTeX warning: pdflatex.exe (file ./images/MTP4.pdf): PDF inclusion: found PDF
 version <1.7>, but at most version <1.5> allowed
<images/MTP4.pdf, id=273, 166.11761pt x 114.32813pt>
File: images/MTP4.pdf Graphic file (type pdf)
<use images/MTP4.pdf>
Package pdftex.def Info: images/MTP4.pdf  used on input line 521.
(pdftex.def)             Requested size: 72.26999pt x 49.73755pt.

Underfull \hbox (badness 10000) in paragraph at lines 521--521
[]\OT1/cmr/m/n/8 (d) $\OML/cmm/m/it/8 MTP[]$ \OT1/cmr/m/n/8 code
 []


Underfull \hbox (badness 1466) in paragraph at lines 521--521
\OT1/cmr/m/n/8 1100000$ and $\OML/cmm/m/it/8 I[]$ \OT1/cmr/m/n/8 is
 []

[13 <./images/MTP1.pdf> <./images/MTP2.pdf> <./images/MTP3.pdf> <./images/MTP4.
pdf>]

Package natbib Warning: Citation `chiesa2020gars' on page 14 undefined on input
 line 585.


Package natbib Warning: Citation `alirezazadeh2015genetic' on page 14 undefined
 on input line 585.


Package natbib Warning: Citation `suarez2020tutorial' on page 14 undefined on i
nput line 646.


Package natbib Warning: Citation `suarez2020tutorial' on page 14 undefined on i
nput line 651.


Package natbib Warning: Citation `suarez2020tutorial' on page 14 undefined on i
nput line 668.

[14]

Package natbib Warning: Citation `davis2007information' on page 15 undefined on
 input line 680.


Package natbib Warning: Citation `shlens2014notes' on page 15 undefined on inpu
t line 682.


Package natbib Warning: Citation `davis2007information' on page 15 undefined on
 input line 697.


Package natbib Warning: Citation `davis2007information' on page 15 undefined on
 input line 716.

[15]
Underfull \hbox (badness 10000) in paragraph at lines 793--796

 []


Package natbib Warning: Citation `pareschi2012statistical' on page 16 undefined
 on input line 820.


Package natbib Warning: Citation `marsaglia1998diehard' on page 16 undefined on
 input line 821.

[16]
<images//disdelu1.pdf, id=319, 368.20462pt x 311.55898pt>
File: images//disdelu1.pdf Graphic file (type pdf)
<use images//disdelu1.pdf>
Package pdftex.def Info: images//disdelu1.pdf  used on input line 1001.
(pdftex.def)             Requested size: 180.67499pt x 152.87915pt.
<images//dismd.pdf, id=320, 378.94875pt x 307.6514pt>
File: images//dismd.pdf Graphic file (type pdf)
<use images//dismd.pdf>
Package pdftex.def Info: images//dismd.pdf  used on input line 1008.
(pdftex.def)             Requested size: 180.67499pt x 146.68517pt.

Underfull \hbox (badness 2707) in paragraph at lines 1008--1008
[]\OT1/cmr/m/n/8 (b) Dis-sim-i-lar-ity anal-y-sis for com-bi-na-tion of
 []

<images//distext2.pdf, id=321, 374.2261pt x 307.99968pt>
File: images//distext2.pdf Graphic file (type pdf)
<use images//distext2.pdf>
Package pdftex.def Info: images//distext2.pdf  used on input line 1011.
(pdftex.def)             Requested size: 180.67499pt x 148.70291pt.
[17] [18 <./images//disdelu1.pdf> <./images//dismd.pdf> <./images//distext2.pdf
>]
<images//segement84.pdf, id=339, 537.4283pt x 344.92664pt>
File: images//segement84.pdf Graphic file (type pdf)
<use images//segement84.pdf>
Package pdftex.def Info: images//segement84.pdf  used on input line 1107.
(pdftex.def)             Requested size: 180.67499pt x 115.9577pt.
<images//segement124.pdf, id=340, 524.54729pt x 310.6285pt>
File: images//segement124.pdf Graphic file (type pdf)
<use images//segement124.pdf>
Package pdftex.def Info: images//segement124.pdf  used on input line 1109.
(pdftex.def)             Requested size: 195.12877pt x 115.55165pt.
) (report_sections/7_work_in_progress.tex [19 <./images//segement84.pdf> <./ima
ges//segement124.pdf>]) (r.bbl

Package natbib Warning: Empty `thebibliography' environment on input line 3.

)

Package natbib Warning: There were undefined citations.

[20] (r.aux) ) 
Here is how much of TeX's memory you used:
 7260 strings out of 475385
 120074 string characters out of 2784414
 525498 words of memory out of 3000000
 28488 multiletter control sequences out of 15000+600000
 476883 words of font info for 55 fonts, out of 8000000 for 9000
 1141 hyphenation exceptions out of 8191
 60i,21n,65p,631b,485s stack positions out of 10000i,1000n,20000p,200000b,80000s
 <C:\Users\User\AppData\Local\MiKTeX\fonts/pk/ljfour/jknappen/ec/
dpi600\tcrm1000.pk><C:/Users/User/Desktop/miktex/fonts/type1/public/amsfonts/cm
/cmbx10.pfb><C:/Users/User/Desktop/miktex/fonts/type1/public/amsfonts/cm/cmbx12
.pfb><C:/Users/User/Desktop/miktex/fonts/type1/public/amsfonts/cm/cmex10.pfb><C
:/Users/User/Desktop/miktex/fonts/type1/public/amsfonts/cm/cmmi10.pfb><C:/Users
/User/Desktop/miktex/fonts/type1/public/amsfonts/cm/cmmi5.pfb><C:/Users/User/De
sktop/miktex/fonts/type1/public/amsfonts/cm/cmmi6.pfb><C:/Users/User/Desktop/mi
ktex/fonts/type1/public/amsfonts/cm/cmmi7.pfb><C:/Users/User/Desktop/miktex/fon
ts/type1/public/amsfonts/cm/cmmi8.pfb><C:/Users/User/Desktop/miktex/fonts/type1
/public/amsfonts/cm/cmr10.pfb><C:/Users/User/Desktop/miktex/fonts/type1/public/
amsfonts/cm/cmr12.pfb><C:/Users/User/Desktop/miktex/fonts/type1/public/amsfonts
/cm/cmr7.pfb><C:/Users/User/Desktop/miktex/fonts/type1/public/amsfonts/cm/cmr8.
pfb><C:/Users/User/Desktop/miktex/fonts/type1/public/amsfonts/cm/cmr9.pfb><C:/U
sers/User/Desktop/miktex/fonts/type1/public/amsfonts/cm/cmsy10.pfb><C:/Users/Us
er/Desktop/miktex/fonts/type1/public/amsfonts/cm/cmsy7.pfb><C:/Users/User/Deskt
op/miktex/fonts/type1/public/amsfonts/cm/cmsy8.pfb><C:/Users/User/Desktop/mikte
x/fonts/type1/public/amsfonts/cm/cmti10.pfb><C:/Users/User/Desktop/miktex/fonts
/type1/public/amsfonts/cm/cmtt10.pfb><C:/Users/User/Desktop/miktex/fonts/type1/
public/amsfonts/cm/cmtt8.pfb>
Output written on r.pdf (22 pages, 2904860 bytes).
PDF statistics:
 435 PDF objects out of 1000 (max. 8388607)
 0 named destinations out of 1000 (max. 500000)
 161 words of extra memory for PDF output out of 10000 (max. 10000000)

